Determining if the function crc32c_value exists in the crc32c failed with the following output:
Change Dir: /home/giacomo/Code/altro/Orbit/leveldb-android/leveldb/.cxx/cmake/release/arm64-v8a/CMakeFiles/CMakeTmp

Run Build Command:"/home/giacomo/Android/Sdk/cmake/3.10.2.4988404/bin/ninja" "cmTC_f8c68"
[1/2] Building C object CMakeFiles/cmTC_f8c68.dir/CheckFunctionExists.c.o
[2/2] Linking C executable cmTC_f8c68
FAILED: cmTC_f8c68 
: && /home/giacomo/Android/Sdk/ndk/21.0.6113669/toolchains/llvm/prebuilt/linux-x86_64/bin/clang --target=aarch64-none-linux-android21 --gcc-toolchain=/home/giacomo/Android/Sdk/ndk/21.0.6113669/toolchains/llvm/prebuilt/linux-x86_64 --sysroot=/home/giacomo/Android/Sdk/ndk/21.0.6113669/toolchains/llvm/prebuilt/linux-x86_64/sysroot -g -DANDROID -fdata-sections -ffunction-sections -funwind-tables -fstack-protector-strong -no-canonical-prefixes -D_FORTIFY_SOURCE=2 -Wformat -Werror=format-security  -DCHECK_FUNCTION_EXISTS=crc32c_value  -Wl,--exclude-libs,libgcc_real.a -Wl,--exclude-libs,libatomic.a -static-libstdc++ -Wl,--build-id -Wl,--fatal-warnings -Wl,--no-undefined -Qunused-arguments -Wl,--gc-sections CMakeFiles/cmTC_f8c68.dir/CheckFunctionExists.c.o  -o cmTC_f8c68  -lcrc32c -latomic -lm && :
/home/giacomo/Android/Sdk/ndk/21.0.6113669/toolchains/llvm/prebuilt/linux-x86_64/lib/gcc/aarch64-linux-android/4.9.x/../../../../aarch64-linux-android/bin/ld: cannot find -lcrc32c
clang: error: linker command failed with exit code 1 (use -v to see invocation)
ninja: build stopped: subcommand failed.


Determining if the function snappy_compress exists in the snappy failed with the following output:
Change Dir: /home/giacomo/Code/altro/Orbit/leveldb-android/leveldb/.cxx/cmake/release/arm64-v8a/CMakeFiles/CMakeTmp

Run Build Command:"/home/giacomo/Android/Sdk/cmake/3.10.2.4988404/bin/ninja" "cmTC_77090"
[1/2] Building C object CMakeFiles/cmTC_77090.dir/CheckFunctionExists.c.o
[2/2] Linking C executable cmTC_77090
FAILED: cmTC_77090 
: && /home/giacomo/Android/Sdk/ndk/21.0.6113669/toolchains/llvm/prebuilt/linux-x86_64/bin/clang --target=aarch64-none-linux-android21 --gcc-toolchain=/home/giacomo/Android/Sdk/ndk/21.0.6113669/toolchains/llvm/prebuilt/linux-x86_64 --sysroot=/home/giacomo/Android/Sdk/ndk/21.0.6113669/toolchains/llvm/prebuilt/linux-x86_64/sysroot -g -DANDROID -fdata-sections -ffunction-sections -funwind-tables -fstack-protector-strong -no-canonical-prefixes -D_FORTIFY_SOURCE=2 -Wformat -Werror=format-security  -DCHECK_FUNCTION_EXISTS=snappy_compress  -Wl,--exclude-libs,libgcc_real.a -Wl,--exclude-libs,libatomic.a -static-libstdc++ -Wl,--build-id -Wl,--fatal-warnings -Wl,--no-undefined -Qunused-arguments -Wl,--gc-sections CMakeFiles/cmTC_77090.dir/CheckFunctionExists.c.o  -o cmTC_77090  -lsnappy -latomic -lm && :
/home/giacomo/Android/Sdk/ndk/21.0.6113669/toolchains/llvm/prebuilt/linux-x86_64/lib/gcc/aarch64-linux-android/4.9.x/../../../../aarch64-linux-android/bin/ld: cannot find -lsnappy
clang: error: linker command failed with exit code 1 (use -v to see invocation)
ninja: build stopped: subcommand failed.


Determining if the function malloc exists in the tcmalloc failed with the following output:
Change Dir: /home/giacomo/Code/altro/Orbit/leveldb-android/leveldb/.cxx/cmake/release/arm64-v8a/CMakeFiles/CMakeTmp

Run Build Command:"/home/giacomo/Android/Sdk/cmake/3.10.2.4988404/bin/ninja" "cmTC_da9cb"
[1/2] Building C object CMakeFiles/cmTC_da9cb.dir/CheckFunctionExists.c.o
/home/giacomo/Android/Sdk/cmake/3.10.2.4988404/share/cmake-3.10/Modules/CheckFunctionExists.c:7:3: warning: incompatible redeclaration of library function 'malloc' [-Wincompatible-library-redeclaration]
  CHECK_FUNCTION_EXISTS(void);
  ^
<command line>:3:31: note: expanded from here
#define CHECK_FUNCTION_EXISTS malloc
                              ^
/home/giacomo/Android/Sdk/cmake/3.10.2.4988404/share/cmake-3.10/Modules/CheckFunctionExists.c:7:3: note: 'malloc' is a builtin with type 'void *(unsigned long)'
<command line>:3:31: note: expanded from here
#define CHECK_FUNCTION_EXISTS malloc
                              ^
1 warning generated.
[2/2] Linking C executable cmTC_da9cb
FAILED: cmTC_da9cb 
: && /home/giacomo/Android/Sdk/ndk/21.0.6113669/toolchains/llvm/prebuilt/linux-x86_64/bin/clang --target=aarch64-none-linux-android21 --gcc-toolchain=/home/giacomo/Android/Sdk/ndk/21.0.6113669/toolchains/llvm/prebuilt/linux-x86_64 --sysroot=/home/giacomo/Android/Sdk/ndk/21.0.6113669/toolchains/llvm/prebuilt/linux-x86_64/sysroot -g -DANDROID -fdata-sections -ffunction-sections -funwind-tables -fstack-protector-strong -no-canonical-prefixes -D_FORTIFY_SOURCE=2 -Wformat -Werror=format-security  -DCHECK_FUNCTION_EXISTS=malloc  -Wl,--exclude-libs,libgcc_real.a -Wl,--exclude-libs,libatomic.a -static-libstdc++ -Wl,--build-id -Wl,--fatal-warnings -Wl,--no-undefined -Qunused-arguments -Wl,--gc-sections CMakeFiles/cmTC_da9cb.dir/CheckFunctionExists.c.o  -o cmTC_da9cb  -ltcmalloc -latomic -lm && :
/home/giacomo/Android/Sdk/ndk/21.0.6113669/toolchains/llvm/prebuilt/linux-x86_64/lib/gcc/aarch64-linux-android/4.9.x/../../../../aarch64-linux-android/bin/ld: cannot find -ltcmalloc
clang: error: linker command failed with exit code 1 (use -v to see invocation)
ninja: build stopped: subcommand failed.


Determining if the F_FULLFSYNC exist failed with the following output:
Change Dir: /home/giacomo/Code/altro/Orbit/leveldb-android/leveldb/.cxx/cmake/release/arm64-v8a/CMakeFiles/CMakeTmp

Run Build Command:"/home/giacomo/Android/Sdk/cmake/3.10.2.4988404/bin/ninja" "cmTC_3fe80"
[1/2] Building CXX object CMakeFiles/cmTC_3fe80.dir/CheckSymbolExists.cxx.o
FAILED: CMakeFiles/cmTC_3fe80.dir/CheckSymbolExists.cxx.o 
/home/giacomo/Android/Sdk/ndk/21.0.6113669/toolchains/llvm/prebuilt/linux-x86_64/bin/clang++ --target=aarch64-none-linux-android21 --gcc-toolchain=/home/giacomo/Android/Sdk/ndk/21.0.6113669/toolchains/llvm/prebuilt/linux-x86_64 --sysroot=/home/giacomo/Android/Sdk/ndk/21.0.6113669/toolchains/llvm/prebuilt/linux-x86_64/sysroot    -g -DANDROID -fdata-sections -ffunction-sections -funwind-tables -fstack-protector-strong -no-canonical-prefixes -D_FORTIFY_SOURCE=2 -Wformat -Werror=format-security  -fno-rtti  -fPIE   -std=c++11 -o CMakeFiles/cmTC_3fe80.dir/CheckSymbolExists.cxx.o -c CheckSymbolExists.cxx
CheckSymbolExists.cxx:8:19: error: use of undeclared identifier 'F_FULLFSYNC'
  return ((int*)(&F_FULLFSYNC))[argc];
                  ^
1 error generated.
ninja: build stopped: subcommand failed.

File /home/giacomo/Code/altro/Orbit/leveldb-android/leveldb/.cxx/cmake/release/arm64-v8a/CMakeFiles/CMakeTmp/CheckSymbolExists.cxx:
/* */
#include <fcntl.h>

int main(int argc, char** argv)
{
  (void)argv;
#ifndef F_FULLFSYNC
  return ((int*)(&F_FULLFSYNC))[argc];
#else
  (void)argc;
  return 0;
#endif
}

Determining if the function sqlite3_open exists in the sqlite3 failed with the following output:
Change Dir: /home/giacomo/Code/altro/Orbit/leveldb-android/leveldb/.cxx/cmake/release/arm64-v8a/CMakeFiles/CMakeTmp

Run Build Command:"/home/giacomo/Android/Sdk/cmake/3.10.2.4988404/bin/ninja" "cmTC_b9e0d"
[1/2] Building C object CMakeFiles/cmTC_b9e0d.dir/CheckFunctionExists.c.o
[2/2] Linking C executable cmTC_b9e0d
FAILED: cmTC_b9e0d 
: && /home/giacomo/Android/Sdk/ndk/21.0.6113669/toolchains/llvm/prebuilt/linux-x86_64/bin/clang --target=aarch64-none-linux-android21 --gcc-toolchain=/home/giacomo/Android/Sdk/ndk/21.0.6113669/toolchains/llvm/prebuilt/linux-x86_64 --sysroot=/home/giacomo/Android/Sdk/ndk/21.0.6113669/toolchains/llvm/prebuilt/linux-x86_64/sysroot -g -DANDROID -fdata-sections -ffunction-sections -funwind-tables -fstack-protector-strong -no-canonical-prefixes -D_FORTIFY_SOURCE=2 -Wformat -Werror=format-security  -Wstrict-prototypes -DCHECK_FUNCTION_EXISTS=sqlite3_open  -Wl,--exclude-libs,libgcc_real.a -Wl,--exclude-libs,libatomic.a -static-libstdc++ -Wl,--build-id -Wl,--fatal-warnings -Wl,--no-undefined -Qunused-arguments -Wl,--gc-sections CMakeFiles/cmTC_b9e0d.dir/CheckFunctionExists.c.o  -o cmTC_b9e0d  -lsqlite3 -latomic -lm && :
/home/giacomo/Android/Sdk/ndk/21.0.6113669/toolchains/llvm/prebuilt/linux-x86_64/lib/gcc/aarch64-linux-android/4.9.x/../../../../aarch64-linux-android/bin/ld: cannot find -lsqlite3
clang: error: linker command failed with exit code 1 (use -v to see invocation)
ninja: build stopped: subcommand failed.


Performing C++ SOURCE FILE Test HAVE_KYOTOCABINET failed with the following output:
Change Dir: /home/giacomo/Code/altro/Orbit/leveldb-android/leveldb/.cxx/cmake/release/arm64-v8a/CMakeFiles/CMakeTmp

Run Build Command:"/home/giacomo/Android/Sdk/cmake/3.10.2.4988404/bin/ninja" "cmTC_18c98"
[1/2] Building CXX object CMakeFiles/cmTC_18c98.dir/src.cxx.o
FAILED: CMakeFiles/cmTC_18c98.dir/src.cxx.o 
/home/giacomo/Android/Sdk/ndk/21.0.6113669/toolchains/llvm/prebuilt/linux-x86_64/bin/clang++ --target=aarch64-none-linux-android21 --gcc-toolchain=/home/giacomo/Android/Sdk/ndk/21.0.6113669/toolchains/llvm/prebuilt/linux-x86_64 --sysroot=/home/giacomo/Android/Sdk/ndk/21.0.6113669/toolchains/llvm/prebuilt/linux-x86_64/sysroot    -g -DANDROID -fdata-sections -ffunction-sections -funwind-tables -fstack-protector-strong -no-canonical-prefixes -D_FORTIFY_SOURCE=2 -Wformat -Werror=format-security  -fno-rtti -fno-exceptions -fno-rtti -DHAVE_KYOTOCABINET -fPIE   -std=c++11 -o CMakeFiles/cmTC_18c98.dir/src.cxx.o -c src.cxx
src.cxx:2:10: fatal error: 'kcpolydb.h' file not found
#include <kcpolydb.h>
         ^~~~~~~~~~~~
1 error generated.
ninja: build stopped: subcommand failed.

Source file was:

#include <kcpolydb.h>

int main() {
  kyotocabinet::TreeDB* db = new kyotocabinet::TreeDB();
  delete db;
  return 0;
}
  
