Determining if the function crc32c_value exists in the crc32c failed with the following output:
Change Dir: /home/giacomo/Code/altro/Orbit/leveldb-android/leveldb/.cxx/cmake/release/armeabi-v7a/CMakeFiles/CMakeTmp

Run Build Command:"/home/giacomo/Android/Sdk/cmake/3.10.2.4988404/bin/ninja" "cmTC_1aae2"
[1/2] Building C object CMakeFiles/cmTC_1aae2.dir/CheckFunctionExists.c.o
[2/2] Linking C executable cmTC_1aae2
FAILED: cmTC_1aae2 
: && /home/giacomo/Android/Sdk/ndk/21.0.6113669/toolchains/llvm/prebuilt/linux-x86_64/bin/clang --target=armv7-none-linux-androideabi16 --gcc-toolchain=/home/giacomo/Android/Sdk/ndk/21.0.6113669/toolchains/llvm/prebuilt/linux-x86_64 --sysroot=/home/giacomo/Android/Sdk/ndk/21.0.6113669/toolchains/llvm/prebuilt/linux-x86_64/sysroot -g -DANDROID -fdata-sections -ffunction-sections -funwind-tables -fstack-protector-strong -no-canonical-prefixes -D_FORTIFY_SOURCE=2 -march=armv7-a -mthumb -Wformat -Werror=format-security  -DCHECK_FUNCTION_EXISTS=crc32c_value  -Wl,--exclude-libs,libgcc_real.a -Wl,--exclude-libs,libatomic.a -static-libstdc++ -Wl,--build-id -Wl,--fatal-warnings -Wl,--exclude-libs,libunwind.a -Wl,--no-undefined -Qunused-arguments -Wl,--gc-sections CMakeFiles/cmTC_1aae2.dir/CheckFunctionExists.c.o  -o cmTC_1aae2  -lcrc32c -latomic -lm && :
/home/giacomo/Android/Sdk/ndk/21.0.6113669/toolchains/llvm/prebuilt/linux-x86_64/lib/gcc/arm-linux-androideabi/4.9.x/../../../../arm-linux-androideabi/bin/ld: error: cannot find -lcrc32c
/home/giacomo/Android/Sdk/cmake/3.10.2.4988404/share/cmake-3.10/Modules/CheckFunctionExists.c:17: error: undefined reference to 'crc32c_value'
clang: error: linker command failed with exit code 1 (use -v to see invocation)
ninja: build stopped: subcommand failed.


Determining if the function snappy_compress exists in the snappy failed with the following output:
Change Dir: /home/giacomo/Code/altro/Orbit/leveldb-android/leveldb/.cxx/cmake/release/armeabi-v7a/CMakeFiles/CMakeTmp

Run Build Command:"/home/giacomo/Android/Sdk/cmake/3.10.2.4988404/bin/ninja" "cmTC_979ed"
[1/2] Building C object CMakeFiles/cmTC_979ed.dir/CheckFunctionExists.c.o
[2/2] Linking C executable cmTC_979ed
FAILED: cmTC_979ed 
: && /home/giacomo/Android/Sdk/ndk/21.0.6113669/toolchains/llvm/prebuilt/linux-x86_64/bin/clang --target=armv7-none-linux-androideabi16 --gcc-toolchain=/home/giacomo/Android/Sdk/ndk/21.0.6113669/toolchains/llvm/prebuilt/linux-x86_64 --sysroot=/home/giacomo/Android/Sdk/ndk/21.0.6113669/toolchains/llvm/prebuilt/linux-x86_64/sysroot -g -DANDROID -fdata-sections -ffunction-sections -funwind-tables -fstack-protector-strong -no-canonical-prefixes -D_FORTIFY_SOURCE=2 -march=armv7-a -mthumb -Wformat -Werror=format-security  -DCHECK_FUNCTION_EXISTS=snappy_compress  -Wl,--exclude-libs,libgcc_real.a -Wl,--exclude-libs,libatomic.a -static-libstdc++ -Wl,--build-id -Wl,--fatal-warnings -Wl,--exclude-libs,libunwind.a -Wl,--no-undefined -Qunused-arguments -Wl,--gc-sections CMakeFiles/cmTC_979ed.dir/CheckFunctionExists.c.o  -o cmTC_979ed  -lsnappy -latomic -lm && :
/home/giacomo/Android/Sdk/ndk/21.0.6113669/toolchains/llvm/prebuilt/linux-x86_64/lib/gcc/arm-linux-androideabi/4.9.x/../../../../arm-linux-androideabi/bin/ld: error: cannot find -lsnappy
/home/giacomo/Android/Sdk/cmake/3.10.2.4988404/share/cmake-3.10/Modules/CheckFunctionExists.c:17: error: undefined reference to 'snappy_compress'
clang: error: linker command failed with exit code 1 (use -v to see invocation)
ninja: build stopped: subcommand failed.


Determining if the function malloc exists in the tcmalloc failed with the following output:
Change Dir: /home/giacomo/Code/altro/Orbit/leveldb-android/leveldb/.cxx/cmake/release/armeabi-v7a/CMakeFiles/CMakeTmp

Run Build Command:"/home/giacomo/Android/Sdk/cmake/3.10.2.4988404/bin/ninja" "cmTC_14bdc"
[1/2] Building C object CMakeFiles/cmTC_14bdc.dir/CheckFunctionExists.c.o
/home/giacomo/Android/Sdk/cmake/3.10.2.4988404/share/cmake-3.10/Modules/CheckFunctionExists.c:7:3: warning: incompatible redeclaration of library function 'malloc' [-Wincompatible-library-redeclaration]
  CHECK_FUNCTION_EXISTS(void);
  ^
<command line>:3:31: note: expanded from here
#define CHECK_FUNCTION_EXISTS malloc
                              ^
/home/giacomo/Android/Sdk/cmake/3.10.2.4988404/share/cmake-3.10/Modules/CheckFunctionExists.c:7:3: note: 'malloc' is a builtin with type 'void *(unsigned int)'
<command line>:3:31: note: expanded from here
#define CHECK_FUNCTION_EXISTS malloc
                              ^
1 warning generated.
[2/2] Linking C executable cmTC_14bdc
FAILED: cmTC_14bdc 
: && /home/giacomo/Android/Sdk/ndk/21.0.6113669/toolchains/llvm/prebuilt/linux-x86_64/bin/clang --target=armv7-none-linux-androideabi16 --gcc-toolchain=/home/giacomo/Android/Sdk/ndk/21.0.6113669/toolchains/llvm/prebuilt/linux-x86_64 --sysroot=/home/giacomo/Android/Sdk/ndk/21.0.6113669/toolchains/llvm/prebuilt/linux-x86_64/sysroot -g -DANDROID -fdata-sections -ffunction-sections -funwind-tables -fstack-protector-strong -no-canonical-prefixes -D_FORTIFY_SOURCE=2 -march=armv7-a -mthumb -Wformat -Werror=format-security  -DCHECK_FUNCTION_EXISTS=malloc  -Wl,--exclude-libs,libgcc_real.a -Wl,--exclude-libs,libatomic.a -static-libstdc++ -Wl,--build-id -Wl,--fatal-warnings -Wl,--exclude-libs,libunwind.a -Wl,--no-undefined -Qunused-arguments -Wl,--gc-sections CMakeFiles/cmTC_14bdc.dir/CheckFunctionExists.c.o  -o cmTC_14bdc  -ltcmalloc -latomic -lm && :
/home/giacomo/Android/Sdk/ndk/21.0.6113669/toolchains/llvm/prebuilt/linux-x86_64/lib/gcc/arm-linux-androideabi/4.9.x/../../../../arm-linux-androideabi/bin/ld: error: cannot find -ltcmalloc
clang: error: linker command failed with exit code 1 (use -v to see invocation)
ninja: build stopped: subcommand failed.


Determining if the F_FULLFSYNC exist failed with the following output:
Change Dir: /home/giacomo/Code/altro/Orbit/leveldb-android/leveldb/.cxx/cmake/release/armeabi-v7a/CMakeFiles/CMakeTmp

Run Build Command:"/home/giacomo/Android/Sdk/cmake/3.10.2.4988404/bin/ninja" "cmTC_64ed7"
[1/2] Building CXX object CMakeFiles/cmTC_64ed7.dir/CheckSymbolExists.cxx.o
FAILED: CMakeFiles/cmTC_64ed7.dir/CheckSymbolExists.cxx.o 
/home/giacomo/Android/Sdk/ndk/21.0.6113669/toolchains/llvm/prebuilt/linux-x86_64/bin/clang++ --target=armv7-none-linux-androideabi16 --gcc-toolchain=/home/giacomo/Android/Sdk/ndk/21.0.6113669/toolchains/llvm/prebuilt/linux-x86_64 --sysroot=/home/giacomo/Android/Sdk/ndk/21.0.6113669/toolchains/llvm/prebuilt/linux-x86_64/sysroot    -g -DANDROID -fdata-sections -ffunction-sections -funwind-tables -fstack-protector-strong -no-canonical-prefixes -D_FORTIFY_SOURCE=2 -march=armv7-a -mthumb -Wformat -Werror=format-security  -fno-rtti  -fPIE   -std=c++11 -o CMakeFiles/cmTC_64ed7.dir/CheckSymbolExists.cxx.o -c CheckSymbolExists.cxx
CheckSymbolExists.cxx:8:19: error: use of undeclared identifier 'F_FULLFSYNC'
  return ((int*)(&F_FULLFSYNC))[argc];
                  ^
1 error generated.
ninja: build stopped: subcommand failed.

File /home/giacomo/Code/altro/Orbit/leveldb-android/leveldb/.cxx/cmake/release/armeabi-v7a/CMakeFiles/CMakeTmp/CheckSymbolExists.cxx:
/* */
#include <fcntl.h>

int main(int argc, char** argv)
{
  (void)argv;
#ifndef F_FULLFSYNC
  return ((int*)(&F_FULLFSYNC))[argc];
#else
  (void)argc;
  return 0;
#endif
}

Determining if the function sqlite3_open exists in the sqlite3 failed with the following output:
Change Dir: /home/giacomo/Code/altro/Orbit/leveldb-android/leveldb/.cxx/cmake/release/armeabi-v7a/CMakeFiles/CMakeTmp

Run Build Command:"/home/giacomo/Android/Sdk/cmake/3.10.2.4988404/bin/ninja" "cmTC_63fac"
[1/2] Building C object CMakeFiles/cmTC_63fac.dir/CheckFunctionExists.c.o
[2/2] Linking C executable cmTC_63fac
FAILED: cmTC_63fac 
: && /home/giacomo/Android/Sdk/ndk/21.0.6113669/toolchains/llvm/prebuilt/linux-x86_64/bin/clang --target=armv7-none-linux-androideabi16 --gcc-toolchain=/home/giacomo/Android/Sdk/ndk/21.0.6113669/toolchains/llvm/prebuilt/linux-x86_64 --sysroot=/home/giacomo/Android/Sdk/ndk/21.0.6113669/toolchains/llvm/prebuilt/linux-x86_64/sysroot -g -DANDROID -fdata-sections -ffunction-sections -funwind-tables -fstack-protector-strong -no-canonical-prefixes -D_FORTIFY_SOURCE=2 -march=armv7-a -mthumb -Wformat -Werror=format-security  -Wstrict-prototypes -DCHECK_FUNCTION_EXISTS=sqlite3_open  -Wl,--exclude-libs,libgcc_real.a -Wl,--exclude-libs,libatomic.a -static-libstdc++ -Wl,--build-id -Wl,--fatal-warnings -Wl,--exclude-libs,libunwind.a -Wl,--no-undefined -Qunused-arguments -Wl,--gc-sections CMakeFiles/cmTC_63fac.dir/CheckFunctionExists.c.o  -o cmTC_63fac  -lsqlite3 -latomic -lm && :
/home/giacomo/Android/Sdk/ndk/21.0.6113669/toolchains/llvm/prebuilt/linux-x86_64/lib/gcc/arm-linux-androideabi/4.9.x/../../../../arm-linux-androideabi/bin/ld: error: cannot find -lsqlite3
/home/giacomo/Android/Sdk/cmake/3.10.2.4988404/share/cmake-3.10/Modules/CheckFunctionExists.c:17: error: undefined reference to 'sqlite3_open'
clang: error: linker command failed with exit code 1 (use -v to see invocation)
ninja: build stopped: subcommand failed.


Performing C++ SOURCE FILE Test HAVE_KYOTOCABINET failed with the following output:
Change Dir: /home/giacomo/Code/altro/Orbit/leveldb-android/leveldb/.cxx/cmake/release/armeabi-v7a/CMakeFiles/CMakeTmp

Run Build Command:"/home/giacomo/Android/Sdk/cmake/3.10.2.4988404/bin/ninja" "cmTC_189ea"
[1/2] Building CXX object CMakeFiles/cmTC_189ea.dir/src.cxx.o
FAILED: CMakeFiles/cmTC_189ea.dir/src.cxx.o 
/home/giacomo/Android/Sdk/ndk/21.0.6113669/toolchains/llvm/prebuilt/linux-x86_64/bin/clang++ --target=armv7-none-linux-androideabi16 --gcc-toolchain=/home/giacomo/Android/Sdk/ndk/21.0.6113669/toolchains/llvm/prebuilt/linux-x86_64 --sysroot=/home/giacomo/Android/Sdk/ndk/21.0.6113669/toolchains/llvm/prebuilt/linux-x86_64/sysroot    -g -DANDROID -fdata-sections -ffunction-sections -funwind-tables -fstack-protector-strong -no-canonical-prefixes -D_FORTIFY_SOURCE=2 -march=armv7-a -mthumb -Wformat -Werror=format-security  -fno-rtti -fno-exceptions -fno-rtti -DHAVE_KYOTOCABINET -fPIE   -std=c++11 -o CMakeFiles/cmTC_189ea.dir/src.cxx.o -c src.cxx
src.cxx:2:10: fatal error: 'kcpolydb.h' file not found
#include <kcpolydb.h>
         ^~~~~~~~~~~~
1 error generated.
ninja: build stopped: subcommand failed.

Source file was:

#include <kcpolydb.h>

int main() {
  kyotocabinet::TreeDB* db = new kyotocabinet::TreeDB();
  delete db;
  return 0;
}
  
