Determining if the function crc32c_value exists in the crc32c failed with the following output:
Change Dir: /home/giacomo/Code/altro/Orbit/leveldb-android/leveldb/.cxx/cmake/debug/x86/CMakeFiles/CMakeTmp

Run Build Command:"/home/giacomo/Android/Sdk/cmake/3.10.2.4988404/bin/ninja" "cmTC_13146"
[1/2] Building C object CMakeFiles/cmTC_13146.dir/CheckFunctionExists.c.o
[2/2] Linking C executable cmTC_13146
FAILED: cmTC_13146 
: && /home/giacomo/Android/Sdk/ndk/21.0.6113669/toolchains/llvm/prebuilt/linux-x86_64/bin/clang --target=i686-none-linux-android16 --gcc-toolchain=/home/giacomo/Android/Sdk/ndk/21.0.6113669/toolchains/llvm/prebuilt/linux-x86_64 --sysroot=/home/giacomo/Android/Sdk/ndk/21.0.6113669/toolchains/llvm/prebuilt/linux-x86_64/sysroot -g -DANDROID -fdata-sections -ffunction-sections -funwind-tables -fstack-protector-strong -no-canonical-prefixes -mstackrealign -D_FORTIFY_SOURCE=2 -Wformat -Werror=format-security  -DCHECK_FUNCTION_EXISTS=crc32c_value  -Wl,--exclude-libs,libgcc_real.a -Wl,--exclude-libs,libatomic.a -static-libstdc++ -Wl,--build-id -Wl,--fatal-warnings -Wl,--no-undefined -Qunused-arguments -Wl,--gc-sections CMakeFiles/cmTC_13146.dir/CheckFunctionExists.c.o  -o cmTC_13146  -lcrc32c -latomic -lm && :
/home/giacomo/Android/Sdk/ndk/21.0.6113669/toolchains/llvm/prebuilt/linux-x86_64/lib/gcc/i686-linux-android/4.9.x/../../../../i686-linux-android/bin/ld: error: cannot find -lcrc32c
/home/giacomo/Android/Sdk/cmake/3.10.2.4988404/share/cmake-3.10/Modules/CheckFunctionExists.c:17: error: undefined reference to 'crc32c_value'
clang: error: linker command failed with exit code 1 (use -v to see invocation)
ninja: build stopped: subcommand failed.


Determining if the function snappy_compress exists in the snappy failed with the following output:
Change Dir: /home/giacomo/Code/altro/Orbit/leveldb-android/leveldb/.cxx/cmake/debug/x86/CMakeFiles/CMakeTmp

Run Build Command:"/home/giacomo/Android/Sdk/cmake/3.10.2.4988404/bin/ninja" "cmTC_194a1"
[1/2] Building C object CMakeFiles/cmTC_194a1.dir/CheckFunctionExists.c.o
[2/2] Linking C executable cmTC_194a1
FAILED: cmTC_194a1 
: && /home/giacomo/Android/Sdk/ndk/21.0.6113669/toolchains/llvm/prebuilt/linux-x86_64/bin/clang --target=i686-none-linux-android16 --gcc-toolchain=/home/giacomo/Android/Sdk/ndk/21.0.6113669/toolchains/llvm/prebuilt/linux-x86_64 --sysroot=/home/giacomo/Android/Sdk/ndk/21.0.6113669/toolchains/llvm/prebuilt/linux-x86_64/sysroot -g -DANDROID -fdata-sections -ffunction-sections -funwind-tables -fstack-protector-strong -no-canonical-prefixes -mstackrealign -D_FORTIFY_SOURCE=2 -Wformat -Werror=format-security  -DCHECK_FUNCTION_EXISTS=snappy_compress  -Wl,--exclude-libs,libgcc_real.a -Wl,--exclude-libs,libatomic.a -static-libstdc++ -Wl,--build-id -Wl,--fatal-warnings -Wl,--no-undefined -Qunused-arguments -Wl,--gc-sections CMakeFiles/cmTC_194a1.dir/CheckFunctionExists.c.o  -o cmTC_194a1  -lsnappy -latomic -lm && :
/home/giacomo/Android/Sdk/ndk/21.0.6113669/toolchains/llvm/prebuilt/linux-x86_64/lib/gcc/i686-linux-android/4.9.x/../../../../i686-linux-android/bin/ld: error: cannot find -lsnappy
/home/giacomo/Android/Sdk/cmake/3.10.2.4988404/share/cmake-3.10/Modules/CheckFunctionExists.c:17: error: undefined reference to 'snappy_compress'
clang: error: linker command failed with exit code 1 (use -v to see invocation)
ninja: build stopped: subcommand failed.


Determining if the function malloc exists in the tcmalloc failed with the following output:
Change Dir: /home/giacomo/Code/altro/Orbit/leveldb-android/leveldb/.cxx/cmake/debug/x86/CMakeFiles/CMakeTmp

Run Build Command:"/home/giacomo/Android/Sdk/cmake/3.10.2.4988404/bin/ninja" "cmTC_97ccf"
[1/2] Building C object CMakeFiles/cmTC_97ccf.dir/CheckFunctionExists.c.o
/home/giacomo/Android/Sdk/cmake/3.10.2.4988404/share/cmake-3.10/Modules/CheckFunctionExists.c:7:3: warning: incompatible redeclaration of library function 'malloc' [-Wincompatible-library-redeclaration]
  CHECK_FUNCTION_EXISTS(void);
  ^
<command line>:3:31: note: expanded from here
#define CHECK_FUNCTION_EXISTS malloc
                              ^
/home/giacomo/Android/Sdk/cmake/3.10.2.4988404/share/cmake-3.10/Modules/CheckFunctionExists.c:7:3: note: 'malloc' is a builtin with type 'void *(unsigned int)'
<command line>:3:31: note: expanded from here
#define CHECK_FUNCTION_EXISTS malloc
                              ^
1 warning generated.
[2/2] Linking C executable cmTC_97ccf
FAILED: cmTC_97ccf 
: && /home/giacomo/Android/Sdk/ndk/21.0.6113669/toolchains/llvm/prebuilt/linux-x86_64/bin/clang --target=i686-none-linux-android16 --gcc-toolchain=/home/giacomo/Android/Sdk/ndk/21.0.6113669/toolchains/llvm/prebuilt/linux-x86_64 --sysroot=/home/giacomo/Android/Sdk/ndk/21.0.6113669/toolchains/llvm/prebuilt/linux-x86_64/sysroot -g -DANDROID -fdata-sections -ffunction-sections -funwind-tables -fstack-protector-strong -no-canonical-prefixes -mstackrealign -D_FORTIFY_SOURCE=2 -Wformat -Werror=format-security  -DCHECK_FUNCTION_EXISTS=malloc  -Wl,--exclude-libs,libgcc_real.a -Wl,--exclude-libs,libatomic.a -static-libstdc++ -Wl,--build-id -Wl,--fatal-warnings -Wl,--no-undefined -Qunused-arguments -Wl,--gc-sections CMakeFiles/cmTC_97ccf.dir/CheckFunctionExists.c.o  -o cmTC_97ccf  -ltcmalloc -latomic -lm && :
/home/giacomo/Android/Sdk/ndk/21.0.6113669/toolchains/llvm/prebuilt/linux-x86_64/lib/gcc/i686-linux-android/4.9.x/../../../../i686-linux-android/bin/ld: error: cannot find -ltcmalloc
clang: error: linker command failed with exit code 1 (use -v to see invocation)
ninja: build stopped: subcommand failed.


Determining if the F_FULLFSYNC exist failed with the following output:
Change Dir: /home/giacomo/Code/altro/Orbit/leveldb-android/leveldb/.cxx/cmake/debug/x86/CMakeFiles/CMakeTmp

Run Build Command:"/home/giacomo/Android/Sdk/cmake/3.10.2.4988404/bin/ninja" "cmTC_ee3f2"
[1/2] Building CXX object CMakeFiles/cmTC_ee3f2.dir/CheckSymbolExists.cxx.o
FAILED: CMakeFiles/cmTC_ee3f2.dir/CheckSymbolExists.cxx.o 
/home/giacomo/Android/Sdk/ndk/21.0.6113669/toolchains/llvm/prebuilt/linux-x86_64/bin/clang++ --target=i686-none-linux-android16 --gcc-toolchain=/home/giacomo/Android/Sdk/ndk/21.0.6113669/toolchains/llvm/prebuilt/linux-x86_64 --sysroot=/home/giacomo/Android/Sdk/ndk/21.0.6113669/toolchains/llvm/prebuilt/linux-x86_64/sysroot    -g -DANDROID -fdata-sections -ffunction-sections -funwind-tables -fstack-protector-strong -no-canonical-prefixes -mstackrealign -D_FORTIFY_SOURCE=2 -Wformat -Werror=format-security  -fno-rtti  -fPIE   -std=c++11 -o CMakeFiles/cmTC_ee3f2.dir/CheckSymbolExists.cxx.o -c CheckSymbolExists.cxx
CheckSymbolExists.cxx:8:19: error: use of undeclared identifier 'F_FULLFSYNC'
  return ((int*)(&F_FULLFSYNC))[argc];
                  ^
1 error generated.
ninja: build stopped: subcommand failed.

File /home/giacomo/Code/altro/Orbit/leveldb-android/leveldb/.cxx/cmake/debug/x86/CMakeFiles/CMakeTmp/CheckSymbolExists.cxx:
/* */
#include <fcntl.h>

int main(int argc, char** argv)
{
  (void)argv;
#ifndef F_FULLFSYNC
  return ((int*)(&F_FULLFSYNC))[argc];
#else
  (void)argc;
  return 0;
#endif
}

Determining if the function sqlite3_open exists in the sqlite3 failed with the following output:
Change Dir: /home/giacomo/Code/altro/Orbit/leveldb-android/leveldb/.cxx/cmake/debug/x86/CMakeFiles/CMakeTmp

Run Build Command:"/home/giacomo/Android/Sdk/cmake/3.10.2.4988404/bin/ninja" "cmTC_4d20c"
[1/2] Building C object CMakeFiles/cmTC_4d20c.dir/CheckFunctionExists.c.o
[2/2] Linking C executable cmTC_4d20c
FAILED: cmTC_4d20c 
: && /home/giacomo/Android/Sdk/ndk/21.0.6113669/toolchains/llvm/prebuilt/linux-x86_64/bin/clang --target=i686-none-linux-android16 --gcc-toolchain=/home/giacomo/Android/Sdk/ndk/21.0.6113669/toolchains/llvm/prebuilt/linux-x86_64 --sysroot=/home/giacomo/Android/Sdk/ndk/21.0.6113669/toolchains/llvm/prebuilt/linux-x86_64/sysroot -g -DANDROID -fdata-sections -ffunction-sections -funwind-tables -fstack-protector-strong -no-canonical-prefixes -mstackrealign -D_FORTIFY_SOURCE=2 -Wformat -Werror=format-security  -Wstrict-prototypes -DCHECK_FUNCTION_EXISTS=sqlite3_open  -Wl,--exclude-libs,libgcc_real.a -Wl,--exclude-libs,libatomic.a -static-libstdc++ -Wl,--build-id -Wl,--fatal-warnings -Wl,--no-undefined -Qunused-arguments -Wl,--gc-sections CMakeFiles/cmTC_4d20c.dir/CheckFunctionExists.c.o  -o cmTC_4d20c  -lsqlite3 -latomic -lm && :
/home/giacomo/Android/Sdk/ndk/21.0.6113669/toolchains/llvm/prebuilt/linux-x86_64/lib/gcc/i686-linux-android/4.9.x/../../../../i686-linux-android/bin/ld: error: cannot find -lsqlite3
/home/giacomo/Android/Sdk/cmake/3.10.2.4988404/share/cmake-3.10/Modules/CheckFunctionExists.c:17: error: undefined reference to 'sqlite3_open'
clang: error: linker command failed with exit code 1 (use -v to see invocation)
ninja: build stopped: subcommand failed.


Performing C++ SOURCE FILE Test HAVE_KYOTOCABINET failed with the following output:
Change Dir: /home/giacomo/Code/altro/Orbit/leveldb-android/leveldb/.cxx/cmake/debug/x86/CMakeFiles/CMakeTmp

Run Build Command:"/home/giacomo/Android/Sdk/cmake/3.10.2.4988404/bin/ninja" "cmTC_3c647"
[1/2] Building CXX object CMakeFiles/cmTC_3c647.dir/src.cxx.o
FAILED: CMakeFiles/cmTC_3c647.dir/src.cxx.o 
/home/giacomo/Android/Sdk/ndk/21.0.6113669/toolchains/llvm/prebuilt/linux-x86_64/bin/clang++ --target=i686-none-linux-android16 --gcc-toolchain=/home/giacomo/Android/Sdk/ndk/21.0.6113669/toolchains/llvm/prebuilt/linux-x86_64 --sysroot=/home/giacomo/Android/Sdk/ndk/21.0.6113669/toolchains/llvm/prebuilt/linux-x86_64/sysroot    -g -DANDROID -fdata-sections -ffunction-sections -funwind-tables -fstack-protector-strong -no-canonical-prefixes -mstackrealign -D_FORTIFY_SOURCE=2 -Wformat -Werror=format-security  -fno-rtti -fno-exceptions -fno-rtti -DHAVE_KYOTOCABINET -fPIE   -std=c++11 -o CMakeFiles/cmTC_3c647.dir/src.cxx.o -c src.cxx
src.cxx:2:10: fatal error: 'kcpolydb.h' file not found
#include <kcpolydb.h>
         ^~~~~~~~~~~~
1 error generated.
ninja: build stopped: subcommand failed.

Source file was:

#include <kcpolydb.h>

int main() {
  kyotocabinet::TreeDB* db = new kyotocabinet::TreeDB();
  delete db;
  return 0;
}
  
