The target system is: Android - 1 - i686
The host system is: Linux - 4.15.0-112-generic - x86_64
Determining if the C compiler works passed with the following output:
Change Dir: /home/giacomo/Code/altro/Orbit/leveldb-android/leveldb/.cxx/cmake/debug/x86/CMakeFiles/CMakeTmp

Run Build Command:"/home/giacomo/Android/Sdk/cmake/3.10.2.4988404/bin/ninja" "cmTC_6a254"
[1/2] Building C object CMakeFiles/cmTC_6a254.dir/testCCompiler.c.o
[2/2] Linking C executable cmTC_6a254


Detecting C compiler ABI info compiled with the following output:
Change Dir: /home/giacomo/Code/altro/Orbit/leveldb-android/leveldb/.cxx/cmake/debug/x86/CMakeFiles/CMakeTmp

Run Build Command:"/home/giacomo/Android/Sdk/cmake/3.10.2.4988404/bin/ninja" "cmTC_519dd"
[1/2] Building C object CMakeFiles/cmTC_519dd.dir/CMakeCCompilerABI.c.o
[2/2] Linking C executable cmTC_519dd
Android (5900059 based on r365631c) clang version 9.0.8 (https://android.googlesource.com/toolchain/llvm-project 207d7abc1a2abf3ef8d4301736d6a7ebc224a290) (based on LLVM 9.0.8svn)
Target: i686-none-linux-android16
Thread model: posix
InstalledDir: /home/giacomo/Android/Sdk/ndk/21.0.6113669/toolchains/llvm/prebuilt/linux-x86_64/bin
Found candidate GCC installation: /home/giacomo/Android/Sdk/ndk/21.0.6113669/toolchains/llvm/prebuilt/linux-x86_64/lib/gcc/i686-linux-android/4.9.x
Found candidate GCC installation: /home/giacomo/Android/Sdk/ndk/21.0.6113669/toolchains/llvm/prebuilt/linux-x86_64/lib/gcc/x86_64-linux-android/4.9.x
Selected GCC installation: /home/giacomo/Android/Sdk/ndk/21.0.6113669/toolchains/llvm/prebuilt/linux-x86_64/lib/gcc/i686-linux-android/4.9.x
Candidate multilib: .;@m32
Selected multilib: .;@m32
 "/home/giacomo/Android/Sdk/ndk/21.0.6113669/toolchains/llvm/prebuilt/linux-x86_64/lib/gcc/i686-linux-android/4.9.x/../../../../i686-linux-android/bin/ld" --sysroot=/home/giacomo/Android/Sdk/ndk/21.0.6113669/toolchains/llvm/prebuilt/linux-x86_64/sysroot -pie -z noexecstack --warn-shared-textrel -z now -z relro --hash-style=gnu --hash-style=both --enable-new-dtags --eh-frame-hdr -m elf_i386 -dynamic-linker /system/bin/linker -o cmTC_519dd /home/giacomo/Android/Sdk/ndk/21.0.6113669/toolchains/llvm/prebuilt/linux-x86_64/sysroot/usr/lib/i686-linux-android/16/crtbegin_dynamic.o -L/home/giacomo/Android/Sdk/ndk/21.0.6113669/toolchains/llvm/prebuilt/linux-x86_64/lib64/clang/9.0.8/lib/linux/i386 -L/home/giacomo/Android/Sdk/ndk/21.0.6113669/toolchains/llvm/prebuilt/linux-x86_64/lib/gcc/i686-linux-android/4.9.x -L/home/giacomo/Android/Sdk/ndk/21.0.6113669/toolchains/llvm/prebuilt/linux-x86_64/sysroot/usr/lib/i686-linux-android/16 -L/home/giacomo/Android/Sdk/ndk/21.0.6113669/toolchains/llvm/prebuilt/linux-x86_64/sysroot/usr/lib/i686-linux-android -L/home/giacomo/Android/Sdk/ndk/21.0.6113669/toolchains/llvm/prebuilt/linux-x86_64/lib/gcc/i686-linux-android/4.9.x/../../../../i686-linux-android/lib -L/home/giacomo/Android/Sdk/ndk/21.0.6113669/toolchains/llvm/prebuilt/linux-x86_64/sysroot/usr/lib --exclude-libs libgcc_real.a --exclude-libs libatomic.a --build-id --fatal-warnings --no-undefined --gc-sections CMakeFiles/cmTC_519dd.dir/CMakeCCompilerABI.c.o -lgcc -ldl -lc -lgcc -ldl /home/giacomo/Android/Sdk/ndk/21.0.6113669/toolchains/llvm/prebuilt/linux-x86_64/sysroot/usr/lib/i686-linux-android/16/crtend_android.o


Parsed C implicit link information from above output:
  link line regex: [^( *|.*[/\])(i686-linux-android-ld|CMAKE_LINK_STARTFILE-NOTFOUND|([^/\]+-)?ld|collect2)[^/\]*( |$)]
  ignore line: [Change Dir: /home/giacomo/Code/altro/Orbit/leveldb-android/leveldb/.cxx/cmake/debug/x86/CMakeFiles/CMakeTmp]
  ignore line: []
  ignore line: [Run Build Command:"/home/giacomo/Android/Sdk/cmake/3.10.2.4988404/bin/ninja" "cmTC_519dd"]
  ignore line: [[1/2] Building C object CMakeFiles/cmTC_519dd.dir/CMakeCCompilerABI.c.o]
  ignore line: [[2/2] Linking C executable cmTC_519dd]
  ignore line: [Android (5900059 based on r365631c) clang version 9.0.8 (https://android.googlesource.com/toolchain/llvm-project 207d7abc1a2abf3ef8d4301736d6a7ebc224a290) (based on LLVM 9.0.8svn)]
  ignore line: [Target: i686-none-linux-android16]
  ignore line: [Thread model: posix]
  ignore line: [InstalledDir: /home/giacomo/Android/Sdk/ndk/21.0.6113669/toolchains/llvm/prebuilt/linux-x86_64/bin]
  ignore line: [Found candidate GCC installation: /home/giacomo/Android/Sdk/ndk/21.0.6113669/toolchains/llvm/prebuilt/linux-x86_64/lib/gcc/i686-linux-android/4.9.x]
  ignore line: [Found candidate GCC installation: /home/giacomo/Android/Sdk/ndk/21.0.6113669/toolchains/llvm/prebuilt/linux-x86_64/lib/gcc/x86_64-linux-android/4.9.x]
  ignore line: [Selected GCC installation: /home/giacomo/Android/Sdk/ndk/21.0.6113669/toolchains/llvm/prebuilt/linux-x86_64/lib/gcc/i686-linux-android/4.9.x]
  ignore line: [Candidate multilib: .]
  ignore line: [@m32]
  ignore line: [Selected multilib: .]
  ignore line: [@m32]
  link line: [ "/home/giacomo/Android/Sdk/ndk/21.0.6113669/toolchains/llvm/prebuilt/linux-x86_64/lib/gcc/i686-linux-android/4.9.x/../../../../i686-linux-android/bin/ld" --sysroot=/home/giacomo/Android/Sdk/ndk/21.0.6113669/toolchains/llvm/prebuilt/linux-x86_64/sysroot -pie -z noexecstack --warn-shared-textrel -z now -z relro --hash-style=gnu --hash-style=both --enable-new-dtags --eh-frame-hdr -m elf_i386 -dynamic-linker /system/bin/linker -o cmTC_519dd /home/giacomo/Android/Sdk/ndk/21.0.6113669/toolchains/llvm/prebuilt/linux-x86_64/sysroot/usr/lib/i686-linux-android/16/crtbegin_dynamic.o -L/home/giacomo/Android/Sdk/ndk/21.0.6113669/toolchains/llvm/prebuilt/linux-x86_64/lib64/clang/9.0.8/lib/linux/i386 -L/home/giacomo/Android/Sdk/ndk/21.0.6113669/toolchains/llvm/prebuilt/linux-x86_64/lib/gcc/i686-linux-android/4.9.x -L/home/giacomo/Android/Sdk/ndk/21.0.6113669/toolchains/llvm/prebuilt/linux-x86_64/sysroot/usr/lib/i686-linux-android/16 -L/home/giacomo/Android/Sdk/ndk/21.0.6113669/toolchains/llvm/prebuilt/linux-x86_64/sysroot/usr/lib/i686-linux-android -L/home/giacomo/Android/Sdk/ndk/21.0.6113669/toolchains/llvm/prebuilt/linux-x86_64/lib/gcc/i686-linux-android/4.9.x/../../../../i686-linux-android/lib -L/home/giacomo/Android/Sdk/ndk/21.0.6113669/toolchains/llvm/prebuilt/linux-x86_64/sysroot/usr/lib --exclude-libs libgcc_real.a --exclude-libs libatomic.a --build-id --fatal-warnings --no-undefined --gc-sections CMakeFiles/cmTC_519dd.dir/CMakeCCompilerABI.c.o -lgcc -ldl -lc -lgcc -ldl /home/giacomo/Android/Sdk/ndk/21.0.6113669/toolchains/llvm/prebuilt/linux-x86_64/sysroot/usr/lib/i686-linux-android/16/crtend_android.o]
    arg [/home/giacomo/Android/Sdk/ndk/21.0.6113669/toolchains/llvm/prebuilt/linux-x86_64/lib/gcc/i686-linux-android/4.9.x/../../../../i686-linux-android/bin/ld] ==> ignore
    arg [--sysroot=/home/giacomo/Android/Sdk/ndk/21.0.6113669/toolchains/llvm/prebuilt/linux-x86_64/sysroot] ==> ignore
    arg [-pie] ==> ignore
    arg [-znoexecstack] ==> ignore
    arg [--warn-shared-textrel] ==> ignore
    arg [-znow] ==> ignore
    arg [-zrelro] ==> ignore
    arg [--hash-style=gnu] ==> ignore
    arg [--hash-style=both] ==> ignore
    arg [--enable-new-dtags] ==> ignore
    arg [--eh-frame-hdr] ==> ignore
    arg [-m] ==> ignore
    arg [elf_i386] ==> ignore
    arg [-dynamic-linker] ==> ignore
    arg [/system/bin/linker] ==> ignore
    arg [-o] ==> ignore
    arg [cmTC_519dd] ==> ignore
    arg [/home/giacomo/Android/Sdk/ndk/21.0.6113669/toolchains/llvm/prebuilt/linux-x86_64/sysroot/usr/lib/i686-linux-android/16/crtbegin_dynamic.o] ==> ignore
    arg [-L/home/giacomo/Android/Sdk/ndk/21.0.6113669/toolchains/llvm/prebuilt/linux-x86_64/lib64/clang/9.0.8/lib/linux/i386] ==> dir [/home/giacomo/Android/Sdk/ndk/21.0.6113669/toolchains/llvm/prebuilt/linux-x86_64/lib64/clang/9.0.8/lib/linux/i386]
    arg [-L/home/giacomo/Android/Sdk/ndk/21.0.6113669/toolchains/llvm/prebuilt/linux-x86_64/lib/gcc/i686-linux-android/4.9.x] ==> dir [/home/giacomo/Android/Sdk/ndk/21.0.6113669/toolchains/llvm/prebuilt/linux-x86_64/lib/gcc/i686-linux-android/4.9.x]
    arg [-L/home/giacomo/Android/Sdk/ndk/21.0.6113669/toolchains/llvm/prebuilt/linux-x86_64/sysroot/usr/lib/i686-linux-android/16] ==> dir [/home/giacomo/Android/Sdk/ndk/21.0.6113669/toolchains/llvm/prebuilt/linux-x86_64/sysroot/usr/lib/i686-linux-android/16]
    arg [-L/home/giacomo/Android/Sdk/ndk/21.0.6113669/toolchains/llvm/prebuilt/linux-x86_64/sysroot/usr/lib/i686-linux-android] ==> dir [/home/giacomo/Android/Sdk/ndk/21.0.6113669/toolchains/llvm/prebuilt/linux-x86_64/sysroot/usr/lib/i686-linux-android]
    arg [-L/home/giacomo/Android/Sdk/ndk/21.0.6113669/toolchains/llvm/prebuilt/linux-x86_64/lib/gcc/i686-linux-android/4.9.x/../../../../i686-linux-android/lib] ==> dir [/home/giacomo/Android/Sdk/ndk/21.0.6113669/toolchains/llvm/prebuilt/linux-x86_64/lib/gcc/i686-linux-android/4.9.x/../../../../i686-linux-android/lib]
    arg [-L/home/giacomo/Android/Sdk/ndk/21.0.6113669/toolchains/llvm/prebuilt/linux-x86_64/sysroot/usr/lib] ==> dir [/home/giacomo/Android/Sdk/ndk/21.0.6113669/toolchains/llvm/prebuilt/linux-x86_64/sysroot/usr/lib]
    arg [--exclude-libs] ==> ignore
    arg [libgcc_real.a] ==> ignore
    arg [--exclude-libs] ==> ignore
    arg [libatomic.a] ==> ignore
    arg [--build-id] ==> ignore
    arg [--fatal-warnings] ==> ignore
    arg [--no-undefined] ==> ignore
    arg [--gc-sections] ==> ignore
    arg [CMakeFiles/cmTC_519dd.dir/CMakeCCompilerABI.c.o] ==> ignore
    arg [-lgcc] ==> lib [gcc]
    arg [-ldl] ==> lib [dl]
    arg [-lc] ==> lib [c]
    arg [-lgcc] ==> lib [gcc]
    arg [-ldl] ==> lib [dl]
    arg [/home/giacomo/Android/Sdk/ndk/21.0.6113669/toolchains/llvm/prebuilt/linux-x86_64/sysroot/usr/lib/i686-linux-android/16/crtend_android.o] ==> ignore
  collapse library dir [/home/giacomo/Android/Sdk/ndk/21.0.6113669/toolchains/llvm/prebuilt/linux-x86_64/lib64/clang/9.0.8/lib/linux/i386] ==> [/home/giacomo/Android/Sdk/ndk/21.0.6113669/toolchains/llvm/prebuilt/linux-x86_64/lib64/clang/9.0.8/lib/linux/i386]
  collapse library dir [/home/giacomo/Android/Sdk/ndk/21.0.6113669/toolchains/llvm/prebuilt/linux-x86_64/lib/gcc/i686-linux-android/4.9.x] ==> [/home/giacomo/Android/Sdk/ndk/21.0.6113669/toolchains/llvm/prebuilt/linux-x86_64/lib/gcc/i686-linux-android/4.9.x]
  collapse library dir [/home/giacomo/Android/Sdk/ndk/21.0.6113669/toolchains/llvm/prebuilt/linux-x86_64/sysroot/usr/lib/i686-linux-android/16] ==> [/home/giacomo/Android/Sdk/ndk/21.0.6113669/toolchains/llvm/prebuilt/linux-x86_64/sysroot/usr/lib/i686-linux-android/16]
  collapse library dir [/home/giacomo/Android/Sdk/ndk/21.0.6113669/toolchains/llvm/prebuilt/linux-x86_64/sysroot/usr/lib/i686-linux-android] ==> [/home/giacomo/Android/Sdk/ndk/21.0.6113669/toolchains/llvm/prebuilt/linux-x86_64/sysroot/usr/lib/i686-linux-android]
  collapse library dir [/home/giacomo/Android/Sdk/ndk/21.0.6113669/toolchains/llvm/prebuilt/linux-x86_64/lib/gcc/i686-linux-android/4.9.x/../../../../i686-linux-android/lib] ==> [/home/giacomo/Android/Sdk/ndk/21.0.6113669/toolchains/llvm/prebuilt/linux-x86_64/i686-linux-android/lib]
  collapse library dir [/home/giacomo/Android/Sdk/ndk/21.0.6113669/toolchains/llvm/prebuilt/linux-x86_64/sysroot/usr/lib] ==> [/home/giacomo/Android/Sdk/ndk/21.0.6113669/toolchains/llvm/prebuilt/linux-x86_64/sysroot/usr/lib]
  implicit libs: [gcc;dl;c;gcc;dl]
  implicit dirs: [/home/giacomo/Android/Sdk/ndk/21.0.6113669/toolchains/llvm/prebuilt/linux-x86_64/lib64/clang/9.0.8/lib/linux/i386;/home/giacomo/Android/Sdk/ndk/21.0.6113669/toolchains/llvm/prebuilt/linux-x86_64/lib/gcc/i686-linux-android/4.9.x;/home/giacomo/Android/Sdk/ndk/21.0.6113669/toolchains/llvm/prebuilt/linux-x86_64/sysroot/usr/lib/i686-linux-android/16;/home/giacomo/Android/Sdk/ndk/21.0.6113669/toolchains/llvm/prebuilt/linux-x86_64/sysroot/usr/lib/i686-linux-android;/home/giacomo/Android/Sdk/ndk/21.0.6113669/toolchains/llvm/prebuilt/linux-x86_64/i686-linux-android/lib;/home/giacomo/Android/Sdk/ndk/21.0.6113669/toolchains/llvm/prebuilt/linux-x86_64/sysroot/usr/lib]
  implicit fwks: []




Detecting C [-std=c11] compiler features compiled with the following output:
Change Dir: /home/giacomo/Code/altro/Orbit/leveldb-android/leveldb/.cxx/cmake/debug/x86/CMakeFiles/CMakeTmp

Run Build Command:"/home/giacomo/Android/Sdk/cmake/3.10.2.4988404/bin/ninja" "cmTC_24840"
[1/2] Building C object CMakeFiles/cmTC_24840.dir/feature_tests.c.o
[2/2] Linking C executable cmTC_24840


    Feature record: C_FEATURE:1c_function_prototypes
    Feature record: C_FEATURE:1c_restrict
    Feature record: C_FEATURE:1c_static_assert
    Feature record: C_FEATURE:1c_variadic_macros


Detecting C [-std=c99] compiler features compiled with the following output:
Change Dir: /home/giacomo/Code/altro/Orbit/leveldb-android/leveldb/.cxx/cmake/debug/x86/CMakeFiles/CMakeTmp

Run Build Command:"/home/giacomo/Android/Sdk/cmake/3.10.2.4988404/bin/ninja" "cmTC_41ed5"
[1/2] Building C object CMakeFiles/cmTC_41ed5.dir/feature_tests.c.o
[2/2] Linking C executable cmTC_41ed5


    Feature record: C_FEATURE:1c_function_prototypes
    Feature record: C_FEATURE:1c_restrict
    Feature record: C_FEATURE:0c_static_assert
    Feature record: C_FEATURE:1c_variadic_macros


Detecting C [-std=c90] compiler features compiled with the following output:
Change Dir: /home/giacomo/Code/altro/Orbit/leveldb-android/leveldb/.cxx/cmake/debug/x86/CMakeFiles/CMakeTmp

Run Build Command:"/home/giacomo/Android/Sdk/cmake/3.10.2.4988404/bin/ninja" "cmTC_95b37"
[1/2] Building C object CMakeFiles/cmTC_95b37.dir/feature_tests.c.o
[2/2] Linking C executable cmTC_95b37


    Feature record: C_FEATURE:1c_function_prototypes
    Feature record: C_FEATURE:0c_restrict
    Feature record: C_FEATURE:0c_static_assert
    Feature record: C_FEATURE:0c_variadic_macros
Determining if the CXX compiler works passed with the following output:
Change Dir: /home/giacomo/Code/altro/Orbit/leveldb-android/leveldb/.cxx/cmake/debug/x86/CMakeFiles/CMakeTmp

Run Build Command:"/home/giacomo/Android/Sdk/cmake/3.10.2.4988404/bin/ninja" "cmTC_44273"
[1/2] Building CXX object CMakeFiles/cmTC_44273.dir/testCXXCompiler.cxx.o
[2/2] Linking CXX executable cmTC_44273


Detecting CXX compiler ABI info compiled with the following output:
Change Dir: /home/giacomo/Code/altro/Orbit/leveldb-android/leveldb/.cxx/cmake/debug/x86/CMakeFiles/CMakeTmp

Run Build Command:"/home/giacomo/Android/Sdk/cmake/3.10.2.4988404/bin/ninja" "cmTC_9d76b"
[1/2] Building CXX object CMakeFiles/cmTC_9d76b.dir/CMakeCXXCompilerABI.cpp.o
[2/2] Linking CXX executable cmTC_9d76b
Android (5900059 based on r365631c) clang version 9.0.8 (https://android.googlesource.com/toolchain/llvm-project 207d7abc1a2abf3ef8d4301736d6a7ebc224a290) (based on LLVM 9.0.8svn)
Target: i686-none-linux-android16
Thread model: posix
InstalledDir: /home/giacomo/Android/Sdk/ndk/21.0.6113669/toolchains/llvm/prebuilt/linux-x86_64/bin
Found candidate GCC installation: /home/giacomo/Android/Sdk/ndk/21.0.6113669/toolchains/llvm/prebuilt/linux-x86_64/lib/gcc/i686-linux-android/4.9.x
Found candidate GCC installation: /home/giacomo/Android/Sdk/ndk/21.0.6113669/toolchains/llvm/prebuilt/linux-x86_64/lib/gcc/x86_64-linux-android/4.9.x
Selected GCC installation: /home/giacomo/Android/Sdk/ndk/21.0.6113669/toolchains/llvm/prebuilt/linux-x86_64/lib/gcc/i686-linux-android/4.9.x
Candidate multilib: .;@m32
Selected multilib: .;@m32
 "/home/giacomo/Android/Sdk/ndk/21.0.6113669/toolchains/llvm/prebuilt/linux-x86_64/lib/gcc/i686-linux-android/4.9.x/../../../../i686-linux-android/bin/ld" --sysroot=/home/giacomo/Android/Sdk/ndk/21.0.6113669/toolchains/llvm/prebuilt/linux-x86_64/sysroot -pie -z noexecstack --warn-shared-textrel -z now -z relro --hash-style=gnu --hash-style=both --enable-new-dtags --eh-frame-hdr -m elf_i386 -dynamic-linker /system/bin/linker -o cmTC_9d76b /home/giacomo/Android/Sdk/ndk/21.0.6113669/toolchains/llvm/prebuilt/linux-x86_64/sysroot/usr/lib/i686-linux-android/16/crtbegin_dynamic.o -L/home/giacomo/Android/Sdk/ndk/21.0.6113669/toolchains/llvm/prebuilt/linux-x86_64/lib64/clang/9.0.8/lib/linux/i386 -L/home/giacomo/Android/Sdk/ndk/21.0.6113669/toolchains/llvm/prebuilt/linux-x86_64/lib/gcc/i686-linux-android/4.9.x -L/home/giacomo/Android/Sdk/ndk/21.0.6113669/toolchains/llvm/prebuilt/linux-x86_64/sysroot/usr/lib/i686-linux-android/16 -L/home/giacomo/Android/Sdk/ndk/21.0.6113669/toolchains/llvm/prebuilt/linux-x86_64/sysroot/usr/lib/i686-linux-android -L/home/giacomo/Android/Sdk/ndk/21.0.6113669/toolchains/llvm/prebuilt/linux-x86_64/lib/gcc/i686-linux-android/4.9.x/../../../../i686-linux-android/lib -L/home/giacomo/Android/Sdk/ndk/21.0.6113669/toolchains/llvm/prebuilt/linux-x86_64/sysroot/usr/lib --exclude-libs libgcc_real.a --exclude-libs libatomic.a --build-id --fatal-warnings --no-undefined --gc-sections CMakeFiles/cmTC_9d76b.dir/CMakeCXXCompilerABI.cpp.o -Bstatic -lc++ -Bdynamic -lm -lgcc -ldl -lc -lgcc -ldl /home/giacomo/Android/Sdk/ndk/21.0.6113669/toolchains/llvm/prebuilt/linux-x86_64/sysroot/usr/lib/i686-linux-android/16/crtend_android.o


Parsed CXX implicit link information from above output:
  link line regex: [^( *|.*[/\])(i686-linux-android-ld|CMAKE_LINK_STARTFILE-NOTFOUND|([^/\]+-)?ld|collect2)[^/\]*( |$)]
  ignore line: [Change Dir: /home/giacomo/Code/altro/Orbit/leveldb-android/leveldb/.cxx/cmake/debug/x86/CMakeFiles/CMakeTmp]
  ignore line: []
  ignore line: [Run Build Command:"/home/giacomo/Android/Sdk/cmake/3.10.2.4988404/bin/ninja" "cmTC_9d76b"]
  ignore line: [[1/2] Building CXX object CMakeFiles/cmTC_9d76b.dir/CMakeCXXCompilerABI.cpp.o]
  ignore line: [[2/2] Linking CXX executable cmTC_9d76b]
  ignore line: [Android (5900059 based on r365631c) clang version 9.0.8 (https://android.googlesource.com/toolchain/llvm-project 207d7abc1a2abf3ef8d4301736d6a7ebc224a290) (based on LLVM 9.0.8svn)]
  ignore line: [Target: i686-none-linux-android16]
  ignore line: [Thread model: posix]
  ignore line: [InstalledDir: /home/giacomo/Android/Sdk/ndk/21.0.6113669/toolchains/llvm/prebuilt/linux-x86_64/bin]
  ignore line: [Found candidate GCC installation: /home/giacomo/Android/Sdk/ndk/21.0.6113669/toolchains/llvm/prebuilt/linux-x86_64/lib/gcc/i686-linux-android/4.9.x]
  ignore line: [Found candidate GCC installation: /home/giacomo/Android/Sdk/ndk/21.0.6113669/toolchains/llvm/prebuilt/linux-x86_64/lib/gcc/x86_64-linux-android/4.9.x]
  ignore line: [Selected GCC installation: /home/giacomo/Android/Sdk/ndk/21.0.6113669/toolchains/llvm/prebuilt/linux-x86_64/lib/gcc/i686-linux-android/4.9.x]
  ignore line: [Candidate multilib: .]
  ignore line: [@m32]
  ignore line: [Selected multilib: .]
  ignore line: [@m32]
  link line: [ "/home/giacomo/Android/Sdk/ndk/21.0.6113669/toolchains/llvm/prebuilt/linux-x86_64/lib/gcc/i686-linux-android/4.9.x/../../../../i686-linux-android/bin/ld" --sysroot=/home/giacomo/Android/Sdk/ndk/21.0.6113669/toolchains/llvm/prebuilt/linux-x86_64/sysroot -pie -z noexecstack --warn-shared-textrel -z now -z relro --hash-style=gnu --hash-style=both --enable-new-dtags --eh-frame-hdr -m elf_i386 -dynamic-linker /system/bin/linker -o cmTC_9d76b /home/giacomo/Android/Sdk/ndk/21.0.6113669/toolchains/llvm/prebuilt/linux-x86_64/sysroot/usr/lib/i686-linux-android/16/crtbegin_dynamic.o -L/home/giacomo/Android/Sdk/ndk/21.0.6113669/toolchains/llvm/prebuilt/linux-x86_64/lib64/clang/9.0.8/lib/linux/i386 -L/home/giacomo/Android/Sdk/ndk/21.0.6113669/toolchains/llvm/prebuilt/linux-x86_64/lib/gcc/i686-linux-android/4.9.x -L/home/giacomo/Android/Sdk/ndk/21.0.6113669/toolchains/llvm/prebuilt/linux-x86_64/sysroot/usr/lib/i686-linux-android/16 -L/home/giacomo/Android/Sdk/ndk/21.0.6113669/toolchains/llvm/prebuilt/linux-x86_64/sysroot/usr/lib/i686-linux-android -L/home/giacomo/Android/Sdk/ndk/21.0.6113669/toolchains/llvm/prebuilt/linux-x86_64/lib/gcc/i686-linux-android/4.9.x/../../../../i686-linux-android/lib -L/home/giacomo/Android/Sdk/ndk/21.0.6113669/toolchains/llvm/prebuilt/linux-x86_64/sysroot/usr/lib --exclude-libs libgcc_real.a --exclude-libs libatomic.a --build-id --fatal-warnings --no-undefined --gc-sections CMakeFiles/cmTC_9d76b.dir/CMakeCXXCompilerABI.cpp.o -Bstatic -lc++ -Bdynamic -lm -lgcc -ldl -lc -lgcc -ldl /home/giacomo/Android/Sdk/ndk/21.0.6113669/toolchains/llvm/prebuilt/linux-x86_64/sysroot/usr/lib/i686-linux-android/16/crtend_android.o]
    arg [/home/giacomo/Android/Sdk/ndk/21.0.6113669/toolchains/llvm/prebuilt/linux-x86_64/lib/gcc/i686-linux-android/4.9.x/../../../../i686-linux-android/bin/ld] ==> ignore
    arg [--sysroot=/home/giacomo/Android/Sdk/ndk/21.0.6113669/toolchains/llvm/prebuilt/linux-x86_64/sysroot] ==> ignore
    arg [-pie] ==> ignore
    arg [-znoexecstack] ==> ignore
    arg [--warn-shared-textrel] ==> ignore
    arg [-znow] ==> ignore
    arg [-zrelro] ==> ignore
    arg [--hash-style=gnu] ==> ignore
    arg [--hash-style=both] ==> ignore
    arg [--enable-new-dtags] ==> ignore
    arg [--eh-frame-hdr] ==> ignore
    arg [-m] ==> ignore
    arg [elf_i386] ==> ignore
    arg [-dynamic-linker] ==> ignore
    arg [/system/bin/linker] ==> ignore
    arg [-o] ==> ignore
    arg [cmTC_9d76b] ==> ignore
    arg [/home/giacomo/Android/Sdk/ndk/21.0.6113669/toolchains/llvm/prebuilt/linux-x86_64/sysroot/usr/lib/i686-linux-android/16/crtbegin_dynamic.o] ==> ignore
    arg [-L/home/giacomo/Android/Sdk/ndk/21.0.6113669/toolchains/llvm/prebuilt/linux-x86_64/lib64/clang/9.0.8/lib/linux/i386] ==> dir [/home/giacomo/Android/Sdk/ndk/21.0.6113669/toolchains/llvm/prebuilt/linux-x86_64/lib64/clang/9.0.8/lib/linux/i386]
    arg [-L/home/giacomo/Android/Sdk/ndk/21.0.6113669/toolchains/llvm/prebuilt/linux-x86_64/lib/gcc/i686-linux-android/4.9.x] ==> dir [/home/giacomo/Android/Sdk/ndk/21.0.6113669/toolchains/llvm/prebuilt/linux-x86_64/lib/gcc/i686-linux-android/4.9.x]
    arg [-L/home/giacomo/Android/Sdk/ndk/21.0.6113669/toolchains/llvm/prebuilt/linux-x86_64/sysroot/usr/lib/i686-linux-android/16] ==> dir [/home/giacomo/Android/Sdk/ndk/21.0.6113669/toolchains/llvm/prebuilt/linux-x86_64/sysroot/usr/lib/i686-linux-android/16]
    arg [-L/home/giacomo/Android/Sdk/ndk/21.0.6113669/toolchains/llvm/prebuilt/linux-x86_64/sysroot/usr/lib/i686-linux-android] ==> dir [/home/giacomo/Android/Sdk/ndk/21.0.6113669/toolchains/llvm/prebuilt/linux-x86_64/sysroot/usr/lib/i686-linux-android]
    arg [-L/home/giacomo/Android/Sdk/ndk/21.0.6113669/toolchains/llvm/prebuilt/linux-x86_64/lib/gcc/i686-linux-android/4.9.x/../../../../i686-linux-android/lib] ==> dir [/home/giacomo/Android/Sdk/ndk/21.0.6113669/toolchains/llvm/prebuilt/linux-x86_64/lib/gcc/i686-linux-android/4.9.x/../../../../i686-linux-android/lib]
    arg [-L/home/giacomo/Android/Sdk/ndk/21.0.6113669/toolchains/llvm/prebuilt/linux-x86_64/sysroot/usr/lib] ==> dir [/home/giacomo/Android/Sdk/ndk/21.0.6113669/toolchains/llvm/prebuilt/linux-x86_64/sysroot/usr/lib]
    arg [--exclude-libs] ==> ignore
    arg [libgcc_real.a] ==> ignore
    arg [--exclude-libs] ==> ignore
    arg [libatomic.a] ==> ignore
    arg [--build-id] ==> ignore
    arg [--fatal-warnings] ==> ignore
    arg [--no-undefined] ==> ignore
    arg [--gc-sections] ==> ignore
    arg [CMakeFiles/cmTC_9d76b.dir/CMakeCXXCompilerABI.cpp.o] ==> ignore
    arg [-Bstatic] ==> ignore
    arg [-lc++] ==> lib [c++]
    arg [-Bdynamic] ==> ignore
    arg [-lm] ==> lib [m]
    arg [-lgcc] ==> lib [gcc]
    arg [-ldl] ==> lib [dl]
    arg [-lc] ==> lib [c]
    arg [-lgcc] ==> lib [gcc]
    arg [-ldl] ==> lib [dl]
    arg [/home/giacomo/Android/Sdk/ndk/21.0.6113669/toolchains/llvm/prebuilt/linux-x86_64/sysroot/usr/lib/i686-linux-android/16/crtend_android.o] ==> ignore
  collapse library dir [/home/giacomo/Android/Sdk/ndk/21.0.6113669/toolchains/llvm/prebuilt/linux-x86_64/lib64/clang/9.0.8/lib/linux/i386] ==> [/home/giacomo/Android/Sdk/ndk/21.0.6113669/toolchains/llvm/prebuilt/linux-x86_64/lib64/clang/9.0.8/lib/linux/i386]
  collapse library dir [/home/giacomo/Android/Sdk/ndk/21.0.6113669/toolchains/llvm/prebuilt/linux-x86_64/lib/gcc/i686-linux-android/4.9.x] ==> [/home/giacomo/Android/Sdk/ndk/21.0.6113669/toolchains/llvm/prebuilt/linux-x86_64/lib/gcc/i686-linux-android/4.9.x]
  collapse library dir [/home/giacomo/Android/Sdk/ndk/21.0.6113669/toolchains/llvm/prebuilt/linux-x86_64/sysroot/usr/lib/i686-linux-android/16] ==> [/home/giacomo/Android/Sdk/ndk/21.0.6113669/toolchains/llvm/prebuilt/linux-x86_64/sysroot/usr/lib/i686-linux-android/16]
  collapse library dir [/home/giacomo/Android/Sdk/ndk/21.0.6113669/toolchains/llvm/prebuilt/linux-x86_64/sysroot/usr/lib/i686-linux-android] ==> [/home/giacomo/Android/Sdk/ndk/21.0.6113669/toolchains/llvm/prebuilt/linux-x86_64/sysroot/usr/lib/i686-linux-android]
  collapse library dir [/home/giacomo/Android/Sdk/ndk/21.0.6113669/toolchains/llvm/prebuilt/linux-x86_64/lib/gcc/i686-linux-android/4.9.x/../../../../i686-linux-android/lib] ==> [/home/giacomo/Android/Sdk/ndk/21.0.6113669/toolchains/llvm/prebuilt/linux-x86_64/i686-linux-android/lib]
  collapse library dir [/home/giacomo/Android/Sdk/ndk/21.0.6113669/toolchains/llvm/prebuilt/linux-x86_64/sysroot/usr/lib] ==> [/home/giacomo/Android/Sdk/ndk/21.0.6113669/toolchains/llvm/prebuilt/linux-x86_64/sysroot/usr/lib]
  implicit libs: [c++;m;gcc;dl;c;gcc;dl]
  implicit dirs: [/home/giacomo/Android/Sdk/ndk/21.0.6113669/toolchains/llvm/prebuilt/linux-x86_64/lib64/clang/9.0.8/lib/linux/i386;/home/giacomo/Android/Sdk/ndk/21.0.6113669/toolchains/llvm/prebuilt/linux-x86_64/lib/gcc/i686-linux-android/4.9.x;/home/giacomo/Android/Sdk/ndk/21.0.6113669/toolchains/llvm/prebuilt/linux-x86_64/sysroot/usr/lib/i686-linux-android/16;/home/giacomo/Android/Sdk/ndk/21.0.6113669/toolchains/llvm/prebuilt/linux-x86_64/sysroot/usr/lib/i686-linux-android;/home/giacomo/Android/Sdk/ndk/21.0.6113669/toolchains/llvm/prebuilt/linux-x86_64/i686-linux-android/lib;/home/giacomo/Android/Sdk/ndk/21.0.6113669/toolchains/llvm/prebuilt/linux-x86_64/sysroot/usr/lib]
  implicit fwks: []




Detecting CXX [-std=c++1z] compiler features compiled with the following output:
Change Dir: /home/giacomo/Code/altro/Orbit/leveldb-android/leveldb/.cxx/cmake/debug/x86/CMakeFiles/CMakeTmp

Run Build Command:"/home/giacomo/Android/Sdk/cmake/3.10.2.4988404/bin/ninja" "cmTC_f48f0"
[1/2] Building CXX object CMakeFiles/cmTC_f48f0.dir/feature_tests.cxx.o
[2/2] Linking CXX executable cmTC_f48f0


    Feature record: CXX_FEATURE:1cxx_aggregate_default_initializers
    Feature record: CXX_FEATURE:1cxx_alias_templates
    Feature record: CXX_FEATURE:1cxx_alignas
    Feature record: CXX_FEATURE:1cxx_alignof
    Feature record: CXX_FEATURE:1cxx_attributes
    Feature record: CXX_FEATURE:1cxx_attribute_deprecated
    Feature record: CXX_FEATURE:1cxx_auto_type
    Feature record: CXX_FEATURE:1cxx_binary_literals
    Feature record: CXX_FEATURE:1cxx_constexpr
    Feature record: CXX_FEATURE:1cxx_contextual_conversions
    Feature record: CXX_FEATURE:1cxx_decltype
    Feature record: CXX_FEATURE:1cxx_decltype_auto
    Feature record: CXX_FEATURE:1cxx_decltype_incomplete_return_types
    Feature record: CXX_FEATURE:1cxx_default_function_template_args
    Feature record: CXX_FEATURE:1cxx_defaulted_functions
    Feature record: CXX_FEATURE:1cxx_defaulted_move_initializers
    Feature record: CXX_FEATURE:1cxx_delegating_constructors
    Feature record: CXX_FEATURE:1cxx_deleted_functions
    Feature record: CXX_FEATURE:1cxx_digit_separators
    Feature record: CXX_FEATURE:1cxx_enum_forward_declarations
    Feature record: CXX_FEATURE:1cxx_explicit_conversions
    Feature record: CXX_FEATURE:1cxx_extended_friend_declarations
    Feature record: CXX_FEATURE:1cxx_extern_templates
    Feature record: CXX_FEATURE:1cxx_final
    Feature record: CXX_FEATURE:1cxx_func_identifier
    Feature record: CXX_FEATURE:1cxx_generalized_initializers
    Feature record: CXX_FEATURE:1cxx_generic_lambdas
    Feature record: CXX_FEATURE:1cxx_inheriting_constructors
    Feature record: CXX_FEATURE:1cxx_inline_namespaces
    Feature record: CXX_FEATURE:1cxx_lambdas
    Feature record: CXX_FEATURE:1cxx_lambda_init_captures
    Feature record: CXX_FEATURE:1cxx_local_type_template_args
    Feature record: CXX_FEATURE:1cxx_long_long_type
    Feature record: CXX_FEATURE:1cxx_noexcept
    Feature record: CXX_FEATURE:1cxx_nonstatic_member_init
    Feature record: CXX_FEATURE:1cxx_nullptr
    Feature record: CXX_FEATURE:1cxx_override
    Feature record: CXX_FEATURE:1cxx_range_for
    Feature record: CXX_FEATURE:1cxx_raw_string_literals
    Feature record: CXX_FEATURE:1cxx_reference_qualified_functions
    Feature record: CXX_FEATURE:1cxx_relaxed_constexpr
    Feature record: CXX_FEATURE:1cxx_return_type_deduction
    Feature record: CXX_FEATURE:1cxx_right_angle_brackets
    Feature record: CXX_FEATURE:1cxx_rvalue_references
    Feature record: CXX_FEATURE:1cxx_sizeof_member
    Feature record: CXX_FEATURE:1cxx_static_assert
    Feature record: CXX_FEATURE:1cxx_strong_enums
    Feature record: CXX_FEATURE:1cxx_template_template_parameters
    Feature record: CXX_FEATURE:1cxx_thread_local
    Feature record: CXX_FEATURE:1cxx_trailing_return_types
    Feature record: CXX_FEATURE:1cxx_unicode_literals
    Feature record: CXX_FEATURE:1cxx_uniform_initialization
    Feature record: CXX_FEATURE:1cxx_unrestricted_unions
    Feature record: CXX_FEATURE:1cxx_user_literals
    Feature record: CXX_FEATURE:1cxx_variable_templates
    Feature record: CXX_FEATURE:1cxx_variadic_macros
    Feature record: CXX_FEATURE:1cxx_variadic_templates


Detecting CXX [-std=c++14] compiler features compiled with the following output:
Change Dir: /home/giacomo/Code/altro/Orbit/leveldb-android/leveldb/.cxx/cmake/debug/x86/CMakeFiles/CMakeTmp

Run Build Command:"/home/giacomo/Android/Sdk/cmake/3.10.2.4988404/bin/ninja" "cmTC_8c10d"
[1/2] Building CXX object CMakeFiles/cmTC_8c10d.dir/feature_tests.cxx.o
[2/2] Linking CXX executable cmTC_8c10d


    Feature record: CXX_FEATURE:1cxx_aggregate_default_initializers
    Feature record: CXX_FEATURE:1cxx_alias_templates
    Feature record: CXX_FEATURE:1cxx_alignas
    Feature record: CXX_FEATURE:1cxx_alignof
    Feature record: CXX_FEATURE:1cxx_attributes
    Feature record: CXX_FEATURE:1cxx_attribute_deprecated
    Feature record: CXX_FEATURE:1cxx_auto_type
    Feature record: CXX_FEATURE:1cxx_binary_literals
    Feature record: CXX_FEATURE:1cxx_constexpr
    Feature record: CXX_FEATURE:1cxx_contextual_conversions
    Feature record: CXX_FEATURE:1cxx_decltype
    Feature record: CXX_FEATURE:1cxx_decltype_auto
    Feature record: CXX_FEATURE:1cxx_decltype_incomplete_return_types
    Feature record: CXX_FEATURE:1cxx_default_function_template_args
    Feature record: CXX_FEATURE:1cxx_defaulted_functions
    Feature record: CXX_FEATURE:1cxx_defaulted_move_initializers
    Feature record: CXX_FEATURE:1cxx_delegating_constructors
    Feature record: CXX_FEATURE:1cxx_deleted_functions
    Feature record: CXX_FEATURE:1cxx_digit_separators
    Feature record: CXX_FEATURE:1cxx_enum_forward_declarations
    Feature record: CXX_FEATURE:1cxx_explicit_conversions
    Feature record: CXX_FEATURE:1cxx_extended_friend_declarations
    Feature record: CXX_FEATURE:1cxx_extern_templates
    Feature record: CXX_FEATURE:1cxx_final
    Feature record: CXX_FEATURE:1cxx_func_identifier
    Feature record: CXX_FEATURE:1cxx_generalized_initializers
    Feature record: CXX_FEATURE:1cxx_generic_lambdas
    Feature record: CXX_FEATURE:1cxx_inheriting_constructors
    Feature record: CXX_FEATURE:1cxx_inline_namespaces
    Feature record: CXX_FEATURE:1cxx_lambdas
    Feature record: CXX_FEATURE:1cxx_lambda_init_captures
    Feature record: CXX_FEATURE:1cxx_local_type_template_args
    Feature record: CXX_FEATURE:1cxx_long_long_type
    Feature record: CXX_FEATURE:1cxx_noexcept
    Feature record: CXX_FEATURE:1cxx_nonstatic_member_init
    Feature record: CXX_FEATURE:1cxx_nullptr
    Feature record: CXX_FEATURE:1cxx_override
    Feature record: CXX_FEATURE:1cxx_range_for
    Feature record: CXX_FEATURE:1cxx_raw_string_literals
    Feature record: CXX_FEATURE:1cxx_reference_qualified_functions
    Feature record: CXX_FEATURE:1cxx_relaxed_constexpr
    Feature record: CXX_FEATURE:1cxx_return_type_deduction
    Feature record: CXX_FEATURE:1cxx_right_angle_brackets
    Feature record: CXX_FEATURE:1cxx_rvalue_references
    Feature record: CXX_FEATURE:1cxx_sizeof_member
    Feature record: CXX_FEATURE:1cxx_static_assert
    Feature record: CXX_FEATURE:1cxx_strong_enums
    Feature record: CXX_FEATURE:1cxx_template_template_parameters
    Feature record: CXX_FEATURE:1cxx_thread_local
    Feature record: CXX_FEATURE:1cxx_trailing_return_types
    Feature record: CXX_FEATURE:1cxx_unicode_literals
    Feature record: CXX_FEATURE:1cxx_uniform_initialization
    Feature record: CXX_FEATURE:1cxx_unrestricted_unions
    Feature record: CXX_FEATURE:1cxx_user_literals
    Feature record: CXX_FEATURE:1cxx_variable_templates
    Feature record: CXX_FEATURE:1cxx_variadic_macros
    Feature record: CXX_FEATURE:1cxx_variadic_templates


Detecting CXX [-std=c++11] compiler features compiled with the following output:
Change Dir: /home/giacomo/Code/altro/Orbit/leveldb-android/leveldb/.cxx/cmake/debug/x86/CMakeFiles/CMakeTmp

Run Build Command:"/home/giacomo/Android/Sdk/cmake/3.10.2.4988404/bin/ninja" "cmTC_cfca4"
[1/2] Building CXX object CMakeFiles/cmTC_cfca4.dir/feature_tests.cxx.o
[2/2] Linking CXX executable cmTC_cfca4


    Feature record: CXX_FEATURE:0cxx_aggregate_default_initializers
    Feature record: CXX_FEATURE:1cxx_alias_templates
    Feature record: CXX_FEATURE:1cxx_alignas
    Feature record: CXX_FEATURE:1cxx_alignof
    Feature record: CXX_FEATURE:1cxx_attributes
    Feature record: CXX_FEATURE:0cxx_attribute_deprecated
    Feature record: CXX_FEATURE:1cxx_auto_type
    Feature record: CXX_FEATURE:0cxx_binary_literals
    Feature record: CXX_FEATURE:1cxx_constexpr
    Feature record: CXX_FEATURE:0cxx_contextual_conversions
    Feature record: CXX_FEATURE:1cxx_decltype
    Feature record: CXX_FEATURE:0cxx_decltype_auto
    Feature record: CXX_FEATURE:1cxx_decltype_incomplete_return_types
    Feature record: CXX_FEATURE:1cxx_default_function_template_args
    Feature record: CXX_FEATURE:1cxx_defaulted_functions
    Feature record: CXX_FEATURE:1cxx_defaulted_move_initializers
    Feature record: CXX_FEATURE:1cxx_delegating_constructors
    Feature record: CXX_FEATURE:1cxx_deleted_functions
    Feature record: CXX_FEATURE:0cxx_digit_separators
    Feature record: CXX_FEATURE:1cxx_enum_forward_declarations
    Feature record: CXX_FEATURE:1cxx_explicit_conversions
    Feature record: CXX_FEATURE:1cxx_extended_friend_declarations
    Feature record: CXX_FEATURE:1cxx_extern_templates
    Feature record: CXX_FEATURE:1cxx_final
    Feature record: CXX_FEATURE:1cxx_func_identifier
    Feature record: CXX_FEATURE:1cxx_generalized_initializers
    Feature record: CXX_FEATURE:0cxx_generic_lambdas
    Feature record: CXX_FEATURE:1cxx_inheriting_constructors
    Feature record: CXX_FEATURE:1cxx_inline_namespaces
    Feature record: CXX_FEATURE:1cxx_lambdas
    Feature record: CXX_FEATURE:0cxx_lambda_init_captures
    Feature record: CXX_FEATURE:1cxx_local_type_template_args
    Feature record: CXX_FEATURE:1cxx_long_long_type
    Feature record: CXX_FEATURE:1cxx_noexcept
    Feature record: CXX_FEATURE:1cxx_nonstatic_member_init
    Feature record: CXX_FEATURE:1cxx_nullptr
    Feature record: CXX_FEATURE:1cxx_override
    Feature record: CXX_FEATURE:1cxx_range_for
    Feature record: CXX_FEATURE:1cxx_raw_string_literals
    Feature record: CXX_FEATURE:1cxx_reference_qualified_functions
    Feature record: CXX_FEATURE:0cxx_relaxed_constexpr
    Feature record: CXX_FEATURE:0cxx_return_type_deduction
    Feature record: CXX_FEATURE:1cxx_right_angle_brackets
    Feature record: CXX_FEATURE:1cxx_rvalue_references
    Feature record: CXX_FEATURE:1cxx_sizeof_member
    Feature record: CXX_FEATURE:1cxx_static_assert
    Feature record: CXX_FEATURE:1cxx_strong_enums
    Feature record: CXX_FEATURE:1cxx_template_template_parameters
    Feature record: CXX_FEATURE:1cxx_thread_local
    Feature record: CXX_FEATURE:1cxx_trailing_return_types
    Feature record: CXX_FEATURE:1cxx_unicode_literals
    Feature record: CXX_FEATURE:1cxx_uniform_initialization
    Feature record: CXX_FEATURE:1cxx_unrestricted_unions
    Feature record: CXX_FEATURE:1cxx_user_literals
    Feature record: CXX_FEATURE:0cxx_variable_templates
    Feature record: CXX_FEATURE:1cxx_variadic_macros
    Feature record: CXX_FEATURE:1cxx_variadic_templates


Detecting CXX [-std=c++98] compiler features compiled with the following output:
Change Dir: /home/giacomo/Code/altro/Orbit/leveldb-android/leveldb/.cxx/cmake/debug/x86/CMakeFiles/CMakeTmp

Run Build Command:"/home/giacomo/Android/Sdk/cmake/3.10.2.4988404/bin/ninja" "cmTC_87264"
[1/2] Building CXX object CMakeFiles/cmTC_87264.dir/feature_tests.cxx.o
[2/2] Linking CXX executable cmTC_87264


    Feature record: CXX_FEATURE:0cxx_aggregate_default_initializers
    Feature record: CXX_FEATURE:0cxx_alias_templates
    Feature record: CXX_FEATURE:0cxx_alignas
    Feature record: CXX_FEATURE:0cxx_alignof
    Feature record: CXX_FEATURE:0cxx_attributes
    Feature record: CXX_FEATURE:0cxx_attribute_deprecated
    Feature record: CXX_FEATURE:0cxx_auto_type
    Feature record: CXX_FEATURE:0cxx_binary_literals
    Feature record: CXX_FEATURE:0cxx_constexpr
    Feature record: CXX_FEATURE:0cxx_contextual_conversions
    Feature record: CXX_FEATURE:0cxx_decltype
    Feature record: CXX_FEATURE:0cxx_decltype_auto
    Feature record: CXX_FEATURE:0cxx_decltype_incomplete_return_types
    Feature record: CXX_FEATURE:0cxx_default_function_template_args
    Feature record: CXX_FEATURE:0cxx_defaulted_functions
    Feature record: CXX_FEATURE:0cxx_defaulted_move_initializers
    Feature record: CXX_FEATURE:0cxx_delegating_constructors
    Feature record: CXX_FEATURE:0cxx_deleted_functions
    Feature record: CXX_FEATURE:0cxx_digit_separators
    Feature record: CXX_FEATURE:0cxx_enum_forward_declarations
    Feature record: CXX_FEATURE:0cxx_explicit_conversions
    Feature record: CXX_FEATURE:0cxx_extended_friend_declarations
    Feature record: CXX_FEATURE:0cxx_extern_templates
    Feature record: CXX_FEATURE:0cxx_final
    Feature record: CXX_FEATURE:0cxx_func_identifier
    Feature record: CXX_FEATURE:0cxx_generalized_initializers
    Feature record: CXX_FEATURE:0cxx_generic_lambdas
    Feature record: CXX_FEATURE:0cxx_inheriting_constructors
    Feature record: CXX_FEATURE:0cxx_inline_namespaces
    Feature record: CXX_FEATURE:0cxx_lambdas
    Feature record: CXX_FEATURE:0cxx_lambda_init_captures
    Feature record: CXX_FEATURE:0cxx_local_type_template_args
    Feature record: CXX_FEATURE:0cxx_long_long_type
    Feature record: CXX_FEATURE:0cxx_noexcept
    Feature record: CXX_FEATURE:0cxx_nonstatic_member_init
    Feature record: CXX_FEATURE:0cxx_nullptr
    Feature record: CXX_FEATURE:0cxx_override
    Feature record: CXX_FEATURE:0cxx_range_for
    Feature record: CXX_FEATURE:0cxx_raw_string_literals
    Feature record: CXX_FEATURE:0cxx_reference_qualified_functions
    Feature record: CXX_FEATURE:0cxx_relaxed_constexpr
    Feature record: CXX_FEATURE:0cxx_return_type_deduction
    Feature record: CXX_FEATURE:0cxx_right_angle_brackets
    Feature record: CXX_FEATURE:0cxx_rvalue_references
    Feature record: CXX_FEATURE:0cxx_sizeof_member
    Feature record: CXX_FEATURE:0cxx_static_assert
    Feature record: CXX_FEATURE:0cxx_strong_enums
    Feature record: CXX_FEATURE:1cxx_template_template_parameters
    Feature record: CXX_FEATURE:0cxx_thread_local
    Feature record: CXX_FEATURE:0cxx_trailing_return_types
    Feature record: CXX_FEATURE:0cxx_unicode_literals
    Feature record: CXX_FEATURE:0cxx_uniform_initialization
    Feature record: CXX_FEATURE:0cxx_unrestricted_unions
    Feature record: CXX_FEATURE:0cxx_user_literals
    Feature record: CXX_FEATURE:0cxx_variable_templates
    Feature record: CXX_FEATURE:0cxx_variadic_macros
    Feature record: CXX_FEATURE:0cxx_variadic_templates
Determining if the include file sys/types.h exists passed with the following output:
Change Dir: /home/giacomo/Code/altro/Orbit/leveldb-android/leveldb/.cxx/cmake/debug/x86/CMakeFiles/CMakeTmp

Run Build Command:"/home/giacomo/Android/Sdk/cmake/3.10.2.4988404/bin/ninja" "cmTC_51180"
[1/2] Building C object CMakeFiles/cmTC_51180.dir/CheckIncludeFile.c.o
[2/2] Linking C executable cmTC_51180


Determining if the include file stdint.h exists passed with the following output:
Change Dir: /home/giacomo/Code/altro/Orbit/leveldb-android/leveldb/.cxx/cmake/debug/x86/CMakeFiles/CMakeTmp

Run Build Command:"/home/giacomo/Android/Sdk/cmake/3.10.2.4988404/bin/ninja" "cmTC_f3fac"
[1/2] Building C object CMakeFiles/cmTC_f3fac.dir/CheckIncludeFile.c.o
[2/2] Linking C executable cmTC_f3fac


Determining if the include file stddef.h exists passed with the following output:
Change Dir: /home/giacomo/Code/altro/Orbit/leveldb-android/leveldb/.cxx/cmake/debug/x86/CMakeFiles/CMakeTmp

Run Build Command:"/home/giacomo/Android/Sdk/cmake/3.10.2.4988404/bin/ninja" "cmTC_1c5fc"
[1/2] Building C object CMakeFiles/cmTC_1c5fc.dir/CheckIncludeFile.c.o
[2/2] Linking C executable cmTC_1c5fc


Determining size of unsigned short passed with the following output:
Change Dir: /home/giacomo/Code/altro/Orbit/leveldb-android/leveldb/.cxx/cmake/debug/x86/CMakeFiles/CMakeTmp

Run Build Command:"/home/giacomo/Android/Sdk/cmake/3.10.2.4988404/bin/ninja" "cmTC_d0b05"
[1/2] Building C object CMakeFiles/cmTC_d0b05.dir/CMAKE_SIZEOF_UNSIGNED_SHORT.c.o
[2/2] Linking C executable cmTC_d0b05


Determining if the system is big endian passed with the following output:
Change Dir: /home/giacomo/Code/altro/Orbit/leveldb-android/leveldb/.cxx/cmake/debug/x86/CMakeFiles/CMakeTmp

Run Build Command:"/home/giacomo/Android/Sdk/cmake/3.10.2.4988404/bin/ninja" "cmTC_ab536"
[1/2] Building C object CMakeFiles/cmTC_ab536.dir/TestEndianess.c.o
[2/2] Linking C executable cmTC_ab536

TestEndianess.c:
/* A 16 bit integer is required. */
typedef unsigned short cmakeint16;

/* On a little endian machine, these 16bit ints will give "THIS IS LITTLE ENDIAN."
   On a big endian machine the characters will be exchanged pairwise. */
const cmakeint16 info_little[] =  {0x4854, 0x5349, 0x4920, 0x2053, 0x494c, 0x5454, 0x454c, 0x4520, 0x444e, 0x4149, 0x2e4e, 0x0000};

/* on a big endian machine, these 16bit ints will give "THIS IS BIG ENDIAN."
   On a little endian machine the characters will be exchanged pairwise. */
const cmakeint16 info_big[] =     {0x5448, 0x4953, 0x2049, 0x5320, 0x4249, 0x4720, 0x454e, 0x4449, 0x414e, 0x2e2e, 0x0000};

#ifdef __CLASSIC_C__
int main(argc, argv) int argc; char *argv[];
#else
int main(int argc, char *argv[])
#endif
{
  int require = 0;
  require += info_little[argc];
  require += info_big[argc];
  (void)argv;
  return require;
}


Determining if the include file unistd.h exists passed with the following output:
Change Dir: /home/giacomo/Code/altro/Orbit/leveldb-android/leveldb/.cxx/cmake/debug/x86/CMakeFiles/CMakeTmp

Run Build Command:"/home/giacomo/Android/Sdk/cmake/3.10.2.4988404/bin/ninja" "cmTC_13cb2"
[1/2] Building C object CMakeFiles/cmTC_13cb2.dir/CheckIncludeFile.c.o
[2/2] Linking C executable cmTC_13cb2


Determining if the fdatasync exist passed with the following output:
Change Dir: /home/giacomo/Code/altro/Orbit/leveldb-android/leveldb/.cxx/cmake/debug/x86/CMakeFiles/CMakeTmp

Run Build Command:"/home/giacomo/Android/Sdk/cmake/3.10.2.4988404/bin/ninja" "cmTC_5cb04"
[1/2] Building CXX object CMakeFiles/cmTC_5cb04.dir/CheckSymbolExists.cxx.o
[2/2] Linking CXX executable cmTC_5cb04

File /home/giacomo/Code/altro/Orbit/leveldb-android/leveldb/.cxx/cmake/debug/x86/CMakeFiles/CMakeTmp/CheckSymbolExists.cxx:
/* */
#include <unistd.h>

int main(int argc, char** argv)
{
  (void)argv;
#ifndef fdatasync
  return ((int*)(&fdatasync))[argc];
#else
  (void)argc;
  return 0;
#endif
}

Determining if the O_CLOEXEC exist passed with the following output:
Change Dir: /home/giacomo/Code/altro/Orbit/leveldb-android/leveldb/.cxx/cmake/debug/x86/CMakeFiles/CMakeTmp

Run Build Command:"/home/giacomo/Android/Sdk/cmake/3.10.2.4988404/bin/ninja" "cmTC_99dd5"
[1/2] Building CXX object CMakeFiles/cmTC_99dd5.dir/CheckSymbolExists.cxx.o
[2/2] Linking CXX executable cmTC_99dd5

File /home/giacomo/Code/altro/Orbit/leveldb-android/leveldb/.cxx/cmake/debug/x86/CMakeFiles/CMakeTmp/CheckSymbolExists.cxx:
/* */
#include <fcntl.h>

int main(int argc, char** argv)
{
  (void)argv;
#ifndef O_CLOEXEC
  return ((int*)(&O_CLOEXEC))[argc];
#else
  (void)argc;
  return 0;
#endif
}

Performing C++ SOURCE FILE Test HAVE_CLANG_THREAD_SAFETY succeeded with the following output:
Change Dir: /home/giacomo/Code/altro/Orbit/leveldb-android/leveldb/.cxx/cmake/debug/x86/CMakeFiles/CMakeTmp

Run Build Command:"/home/giacomo/Android/Sdk/cmake/3.10.2.4988404/bin/ninja" "cmTC_59b43"
[1/2] Building CXX object CMakeFiles/cmTC_59b43.dir/src.cxx.o
[2/2] Linking CXX executable cmTC_59b43

Source file was:

struct __attribute__((lockable)) Lock {
  void Acquire() __attribute__((exclusive_lock_function()));
  void Release() __attribute__((unlock_function()));
};
struct ThreadSafeType {
  Lock lock_;
  int data_ __attribute__((guarded_by(lock_)));
};
int main() { return 0; }

Performing C++ SOURCE FILE Test HAVE_CXX17_HAS_INCLUDE succeeded with the following output:
Change Dir: /home/giacomo/Code/altro/Orbit/leveldb-android/leveldb/.cxx/cmake/debug/x86/CMakeFiles/CMakeTmp

Run Build Command:"/home/giacomo/Android/Sdk/cmake/3.10.2.4988404/bin/ninja" "cmTC_786fb"
[1/2] Building CXX object CMakeFiles/cmTC_786fb.dir/src.cxx.o
[2/2] Linking CXX executable cmTC_786fb

Source file was:

#if defined(__has_include) &&  __has_include(<string>)
#include <string>
#endif
int main() { std::string str; return 0; }

Determining if the include file pthread.h exists passed with the following output:
Change Dir: /home/giacomo/Code/altro/Orbit/leveldb-android/leveldb/.cxx/cmake/debug/x86/CMakeFiles/CMakeTmp

Run Build Command:"/home/giacomo/Android/Sdk/cmake/3.10.2.4988404/bin/ninja" "cmTC_2b4d4"
[1/2] Building C object CMakeFiles/cmTC_2b4d4.dir/CheckIncludeFile.c.o
[2/2] Linking C executable cmTC_2b4d4


Determining if the pthread_create exist passed with the following output:
Change Dir: /home/giacomo/Code/altro/Orbit/leveldb-android/leveldb/.cxx/cmake/debug/x86/CMakeFiles/CMakeTmp

Run Build Command:"/home/giacomo/Android/Sdk/cmake/3.10.2.4988404/bin/ninja" "cmTC_03c57"
[1/2] Building C object CMakeFiles/cmTC_03c57.dir/CheckSymbolExists.c.o
[2/2] Linking C executable cmTC_03c57

File /home/giacomo/Code/altro/Orbit/leveldb-android/leveldb/.cxx/cmake/debug/x86/CMakeFiles/CMakeTmp/CheckSymbolExists.c:
/* */
#include <pthread.h>

int main(int argc, char** argv)
{
  (void)argv;
#ifndef pthread_create
  return ((int*)(&pthread_create))[argc];
#else
  (void)argc;
  return 0;
#endif
}

